0.239367   -0.404408   0.305983
0.499293   -0.165687   0.487285
0.105525   -0.257704   -0.382228
0.397224   -0.46717   0.174787
0.457253   0.0977114   0.0702055
0.232228   0.402703   0.309974
-0.129343   0.0486989   0.238105
0.160917   -0.476909   0.143213
-0.23965   -0.437599   -0.316728
-0.357778   0.004275   0.172811
0.486359   0.112538   -0.183674
0.0596302   0.488597   -0.42119
0.0776093   0.327199   0.141177
0.253198   -0.0471142   -0.117953
-0.178413   0.221635   -0.430772
0.419996   -0.423845   -0.194756
-0.144794   -0.0903076   0.425107
-0.342789   0.380135   -0.424563
0.0276459   0.151868   -0.422758
-0.0388935   -0.387385   0.0883483
0.185041   -0.279587   0.120163
-0.4075   -0.490744   -0.242739
-0.1882   0.197638   -0.0645769
-0.396734   -0.335725   -0.052802
-0.347529   -0.0821701   -0.282411
-0.0322673   -0.364074   -0.22896
0.425603   -0.250534   0.315355
-0.270697   0.379263   0.0454874
-0.00292448   -0.477428   0.3588
-0.193566   -0.31889   -0.124186
0.0493039   0.0479775   0.330781
-0.414236   -0.247044   0.156827
0.0242206   0.355581   -0.268629
0.102538   0.106878   0.101094
0.179598   0.387123   -0.0401758
0.368037   0.223336   0.394648
0.402611   -0.0617485   -0.30866
0.4218   -0.28404   -0.365413
0.235767   -0.119003   0.236899
-0.0593536   -0.228817   -0.0270447
-0.0719253   -0.302245   -0.482298
-0.287487   -0.00244366   -0.0189677
-0.244179   0.332272   0.383801
0.103323   -0.260839   0.373074
-0.11614   0.263616   0.132024
-0.109287   0.454786   -0.10866
-0.375514   -0.137074   0.315983
0.0567189   -0.0681146   -0.496548
-0.332491   0.134146   -0.317212
-0.131182   0.0249679   -0.420379
-0.458203   0.0922061   0.324263
0.294888   -0.213384   0.451002
-0.140246   -0.213262   -0.32519
0.0997921   -0.413424   -0.0317773
-0.0707746   0.369629   0.498685
-0.132099   -0.0262729   -0.164742
0.254706   -0.183329   -0.269244
-0.394029   0.218533   0.47797
-0.334005   0.294375   0.216913
0.127759   0.223603   0.403696
-0.199677   -0.451007   0.4863
0.465493   0.277495   0.188739
0.372222   0.319051   -0.0196414
0.494151   0.391962   0.388635
0.334154   0.277854   -0.205607
0.148942   0.493243   -0.222963
-0.441592   0.331232   -0.100742
0.375606   0.210057   -0.390755
-0.346177   -0.034707   -0.467723
0.0598835   -0.0256283   -0.261789
0.024992   0.0898211   -0.0993467
0.403524   -0.415833   0.447673
0.0546503   -0.198066   -0.17258
0.438898   0.0510793   -0.47873
0.263489   -0.408491   -0.386236
-0.088068   0.0318857   0.0437999
0.271069   0.0112402   0.381542
-0.18237   -0.143371   0.24131
0.282364   -0.0480595   0.0678115
-0.485732   -0.0690713   -0.0140527
0.450503   -0.0764791   0.181238
0.234912   0.022484   -0.420324
0.0115584   -0.167372   0.16227
-0.150466   -0.350196   0.276964
-0.092096   0.448985   0.197795
-0.0840171   0.160259   -0.258918
-0.377589   -0.285285   -0.254705
0.199654   0.370242   -0.483934
0.260014   0.146835   -0.0442831
-0.429721   0.47766   0.0439181
0.299916   0.120334   0.187012
0.321033   -0.413282   -0.0303515
0.39085   -0.259941   0.0448287
0.418139   0.441597   -0.384689
-0.297781   0.493228   0.272585
0.19681   0.135893   -0.25343
-0.35651   0.17586   0.0569939
-0.100249   0.198022   0.378207
-0.459431   0.300752   -0.283616
-0.236606   -0.410702   0.0799084
-0.231322   -0.19935   0.0479465
0.448726   -0.205096   -0.170935
-0.209601   0.348358   -0.263099
-0.42484   -0.413904   -0.459097
-0.362654   -0.348844   0.372815
0.0754172   -0.0714812   -0.0162567
-0.288457   -0.256814   -0.470536
-0.257894   0.104888   0.407004
