-2.20071   -0.550006   -0.353116
-2.182   1.94377   -0.629084
-2.2564   0.974171   -1.09712
0.769832   0.00112718   -1.67033
0.670371   1.14157   -0.0377042
0.222726   -1.19917   0.194638
0.499704   -0.269798   -0.901444
0.273283   -1.08612   -0.376269
-0.243766   0.823869   -1.06866
-1.19962   0.253885   -1.3844
-0.846895   0.585951   0.390378
1.30217   -0.418742   -0.922127
1.84252   -1.71535   -1.71589
-0.157234   2.74647   1.26301
-0.182375   -1.55039   -1.41448
0.952864   1.88956   1.00732
0.56501   0.0810114   0.572513
0.21414   0.73037   1.0642
-0.41235   2.46634   0.033806
-1.08412   0.165761   -0.0843823
0.453195   -0.19671   1.95686
0.42173   -1.08121   -0.549469
-0.0305269   -1.20148   0.0730339
1.26861   0.0889651   1.21173
0.0374769   0.00823082   -1.18199
0.325282   1.81488   0.0373492
1.20391   -2.10365   -0.485495
-0.940889   -0.708324   0.126251
-0.732854   -1.85521   -0.754724
-0.102038   0.386266   -0.378093
-0.625359   -0.195511   -1.47394
-1.0483   0.157181   -0.348485
-0.173571   -1.06971   -0.668774
0.33426   -2.53025   -0.586679
-2.38234   1.15542   -0.844292
2.49965   1.21948   -0.66898
-1.55554   0.484368   0.538099
1.48144   0.0174686   0.756784
-2.58659   -0.292438   -0.112195
-0.457789   -1.19831   0.333132
-2.06589   -1.14845   -0.0982139
0.0730026   0.218236   0.599621
0.371024   0.405368   -0.446812
0.491016   1.25346   1.80439
2.18562   0.566373   -0.955176
1.20451   -0.489133   0.492384
-0.447272   -0.868196   0.654539
-1.28754   0.693474   0.48596
-1.57435   -0.38843   -0.486149
-0.51963   -0.00824239   -0.598038
-0.816267   0.912156   -0.292982
-0.753086   0.200973   0.30537
0.0432129   0.315351   0.273764
-0.880252   -2.19151   0.0823752
-1.04   0.774701   0.660155
1.18323   -1.55142   -0.406694
-1.4702   0.752369   2.06369
0.222631   2.79142   0.0822071
0.339195   -1.41909   0.891118
0.603884   -0.270238   0.358182
-1.10443   0.200864   -2.13724
1.59479   0.884528   1.61455
-0.9006   -1.35699   1.27128
-0.30892   0.221498   1.66545
-0.308522   -0.125882   -1.99833
-1.09825   0.435232   1.06056
1.16111   1.90562   1.31517
-1.38339   -0.828617   -0.691759
-0.00037178   -0.747093   0.725319
-0.290003   -1.04639   -0.0729925
-1.18976   -0.953987   0.288987
1.12549   0.171132   -0.132622
-0.424168   -0.55103   1.00712
0.578028   -0.423588   0.815163
0.0609101   -0.448758   1.3919
1.64682   -0.79811   -0.152822
-0.0674764   -1.0587   -0.477019
0.236044   0.35624   2.49046
1.10152   -1.8042   -0.438866
0.780039   2.13633   -0.286548
1.14635   1.04233   0.88007
-0.474609   0.516079   1.01727
0.274678   -1.14119   -0.396423
-0.789885   1.28459   0.215246
-0.979181   0.874199   -1.42315
3.65447   -0.137474   0.617294
-0.787833   -1.19813   -0.604438
0.0718279   0.205763   0.97419
-0.69774   0.147666   -1.42265
0.258243   -0.121924   -0.338753
0.683914   1.27265   -0.970051
0.558392   0.309771   0.757637
-1.32558   -1.62831   -0.896302
0.00669697   0.062627   -1.03445
1.78511   -0.884514   -1.73326
-0.0489071   0.587124   1.42777
1.71998   -0.482422   0.35705
0.816334   -0.270992   1.15029
0.0673646   0.298026   -0.404815
-0.044913   -0.426658   -0.154961
1.00601   1.68592   0.430665
1.31738   -1.23982   1.73669
-1.04958   0.780945   -0.742227
-1.04824   0.589358   -1.7171
1.66363   0.726742   -0.119895
0.329365   2.08475   -0.537288
0.489392   -0.779789   1.27213
0.388712   -0.788265   -0.918945
