-0.482949   -0.491452   -0.497661
-0.337594   -0.318483   -0.488567
0.49379   -0.339629   -0.350127
-0.349315   -0.494509   -0.32608
-0.173192   -0.487585   -0.498417
-0.00505954   -0.337888   0.488096
-0.176633   -0.340189   -0.336536
-0.000916672   -0.499988   -0.326755
0.196287   0.487407   0.490987
0.333742   -0.325373   -0.496991
0.137259   -0.341217   -0.325673
0.318477   -0.495277   -0.336817
-0.497953   -0.160616   0.485645
-0.31873   -0.0201979   0.489031
0.485409   -0.00523775   -0.333802
-0.361282   -0.169843   -0.332672
-0.148034   -0.160176   0.477191
0.0164145   -0.0149323   -0.498439
-0.185484   -0.0137923   -0.331178
-0.0148472   -0.181114   -0.327275
0.151278   -0.180152   -0.480151
0.329318   -0.0164393   -0.492592
0.167921   -0.000321956   -0.342076
0.311906   -0.191436   -0.320504
-0.492789   0.151842   0.492429
-0.329605   0.317754   -0.490254
-0.496608   0.33302   -0.341745
-0.34673   0.155976   -0.327996
-0.169837   0.184115   -0.490088
0.00277352   0.354372   -0.498366
-0.165277   0.343588   -0.33936
0.0150274   0.177572   -0.360473
0.190382   0.173153   0.494156
0.343935   0.342485   -0.481219
0.157278   0.340844   -0.318471
0.34121   0.181553   -0.321888
-0.49101   -0.490534   -0.165268
-0.339639   -0.323848   -0.175339
0.488274   -0.327538   0.00469545
-0.337284   0.48862   0.0031335
-0.169506   -0.474202   -0.1591
-0.00398251   -0.327744   -0.131065
-0.170417   -0.332259   0.0168826
0.000807273   0.485303   0.0204927
0.149155   -0.496882   -0.143194
0.315637   -0.344035   -0.176078
0.180411   -0.311146   -0.0012728
0.324718   -0.4859   -0.00802228
0.491682   -0.177196   -0.153099
-0.344687   -0.00811751   -0.171055
0.498966   0.0110412   -0.00750397
-0.358825   -0.156473   0.0196263
-0.175938   -0.159511   -0.165355
-0.00138952   -0.0173071   -0.163924
-0.169392   -0.0043835   -0.00210405
-0.00719571   -0.159936   -0.00381456
0.167397   -0.171139   -0.171971
0.338276   -0.0118592   -0.188951
0.189121   -0.00955906   -0.00749866
0.334038   -0.159363   0.0121783
-0.479286   0.167947   -0.156486
-0.321883   0.333893   -0.178094
0.495872   0.344633   -0.0115546
-0.324965   0.160373   -0.00104537
-0.172523   0.140586   -0.170696
-0.0297523   0.341316   -0.167394
-0.172675   0.333531   0.00310328
0.0331786   0.169495   -0.0108388
0.164507   0.150259   -0.183057
0.334196   0.354089   -0.170936
0.170286   0.340636   0.00692815
0.33669   0.175943   -0.0225588
0.493233   0.496425   0.181014
-0.343998   -0.353508   0.16171
-0.491874   -0.343524   0.327526
-0.341551   -0.498507   0.337873
-0.169856   0.497494   0.191628
0.00933612   -0.34008   0.177174
-0.180774   -0.322561   0.344806
0.0112574   -0.494238   0.349207
0.169437   -0.499425   0.158196
0.351371   -0.335385   0.181312
0.169679   -0.330303   0.338616
0.342436   -0.484764   0.348285
0.4891   -0.161999   0.17689
-0.335763   0.00665388   0.160008
0.49613   -0.0109984   0.33051
-0.329988   -0.165638   0.305538
-0.1652   -0.145495   0.160877
0.0108997   0.00768135   0.148906
-0.166264   -0.0052216   0.32092
0.00054763   -0.174865   0.306134
0.149785   -0.154024   0.155526
0.344308   0.00555522   0.158749
0.150844   0.00157587   0.326897
0.347487   -0.174072   0.334062
-0.497002   0.172817   0.168154
-0.334757   0.335143   0.162388
-0.499201   0.336647   0.341722
-0.308669   0.173942   0.326217
-0.156725   0.174277   0.158601
0.0172425   0.318728   0.16826
-0.162784   0.342924   0.357983
-0.00344652   0.169358   0.333217
0.182718   0.142219   0.166922
0.342797   0.314912   0.149743
0.186168   0.33798   0.326347
0.339635   0.15356   0.332957
