-1.0279   -0.951593   -0.902259
-0.67492   -1.33099   0.264973
-0.360707   0.600987   0.00424943
0.983436   0.521644   -0.230655
0.535468   -0.936065   -2.33254
-0.557932   -1.6114   0.495659
0.593797   1.59347   -0.548596
-1.32371   0.23795   0.0165002
-1.17111   0.439544   -0.832205
-0.286215   -0.292603   -0.166031
0.46055   -1.0939   0.0654866
-1.86469   -0.238079   0.0556951
0.500321   0.141809   1.09684
-0.761429   -0.632851   -0.754257
-0.120788   -0.963462   0.117592
0.803454   0.43836   0.3566
0.666612   -1.54519   1.76864
-0.660787   1.16863   0.496434
1.29327   0.218476   0.498351
0.634229   0.847004   0.852874
-0.361965   -0.546662   -0.330115
2.06433   -1.27543   1.40405
-1.552   -0.489178   0.322157
-0.0768512   -0.196822   -1.03136
1.57868   -0.792936   -0.0934903
-0.749348   0.408478   0.520426
0.0510356   -1.52549   0.602629
-0.00314712   0.300657   -0.237001
-1.95821   1.47235   0.481767
0.00236546   0.204591   0.367029
-0.721097   -1.08353   -0.0101654
-0.116798   0.204862   -1.0224
0.942276   -0.227911   1.17571
1.15339   0.0914886   -1.5129
1.6802   -0.622771   0.0333917
0.293385   -0.124625   -1.39194
-0.596314   0.54566   0.356564
0.0621661   0.4918   -0.795135
-1.6357   -0.276279   0.176885
-0.123129   1.46448   0.188199
-0.625255   -0.897825   -0.424304
0.213915   0.983588   -1.2206
-1.54637   1.1766   -0.0579665
-0.969925   1.26442   1.75099
0.420045   -1.0142   -1.25635
-0.635629   0.0623888   -0.74945
-0.524623   0.457711   -1.03567
-0.281251   -0.196566   0.801688
0.283909   0.75147   0.267227
-0.87878   -0.502066   -0.511162
1.13048   -0.802163   0.636843
0.782289   -0.910179   -0.00387299
0.506299   -0.157242   -0.619176
-0.82876   1.07785   -0.66189
0.0498646   -1.84591   0.541292
1.56696   -0.735886   0.53129
-0.13287   -1.61224   0.87085
-0.150288   -1.10983   -0.0419398
0.23665   -0.120448   2.24748
-0.240294   1.41406   0.557196
2.25837   -0.179998   0.270491
1.34984   0.674346   0.45211
0.0659907   0.336147   -0.709191
1.56377   -0.233698   0.862206
-1.01437   -0.0860289   0.0656028
-1.3829   -0.991538   0.571181
-0.816721   -1.60538   -0.182887
-1.9622   -0.958261   0.639235
-0.674554   0.940465   0.190794
0.0845375   0.162773   -1.87798
0.297142   -0.373738   -0.861921
0.640454   -0.750294   -0.00532896
0.461686   0.317156   0.230557
1.11681   1.85069   0.956568
-0.4107   2.08929   -0.000299372
1.20502   0.64957   1.41336
1.25469   0.16969   0.695262
0.770143   -0.171986   0.63383
0.413093   -0.431716   0.466687
0.47097   0.189451   -0.0513538
0.44878   -0.54902   0.267067
-1.77784   1.29583   -0.00722701
0.832003   1.10086   1.07179
0.720548   1.44993   -1.23234
-0.958962   -0.552629   1.66638
-1.72932   0.924893   -0.261563
-0.337275   -0.357634   -1.32503
-0.918906   0.0470087   0.939744
0.924996   0.329833   -1.48679
-0.887653   -0.0675516   -0.164246
-0.0146261   -0.236089   -0.774996
0.75757   -0.365976   -0.862028
-0.325329   -0.422546   0.269053
-0.325377   -0.839647   -0.209411
-0.590746   -0.179866   -0.319629
-1.09896   -1.45535   0.213306
0.189069   -0.633478   -0.320902
1.75784   0.716659   -1.31939
0.0912236   -0.643568   1.25559
0.78405   1.07661   -1.11584
0.431161   1.41036   -0.291864
0.310307   0.132627   -1.09296
-0.584038   0.725968   0.276336
0.0542523   0.140801   -0.554973
-0.536233   1.26151   0.509422
0.919567   0.596911   0.86056
-0.566108   0.836693   -0.712123
0.768298   0.741912   -0.186921
