-0.22663   0.365872   0.270113
-0.353339   -0.22421   -0.392695
0.148939   0.0429066   0.240228
-0.179665   -0.433841   0.202431
0.0287116   -0.125635   -0.0676933
-0.223683   0.00967951   0.0427591
0.0287935   0.193884   0.173667
-0.254749   0.302548   -0.268312
0.0866449   -0.391056   0.486257
-0.494427   0.209081   -0.261407
-0.32084   -0.0417215   -0.25439
0.3614   -0.337644   -0.18171
-0.249386   -0.238205   0.41742
0.296659   -0.322833   -0.0377496
-0.14848   0.184109   0.0342323
0.14424   -0.441614   -0.355343
0.253227   0.0328937   -0.245244
0.256151   -0.0936981   -0.407911
-0.059442   0.337955   0.46091
0.181815   0.245012   0.0460385
-0.163634   0.274141   -0.302976
0.181506   0.246884   0.388298
-0.31045   -0.483925   -0.416675
0.181166   -0.46742   0.400296
0.312763   -0.0285908   0.157651
-0.250942   -0.221298   -0.0353033
0.29485   0.0683066   -0.42694
0.0186646   -0.489872   0.368058
0.00625087   0.0870971   0.04957
0.121136   -0.380174   0.138506
0.462933   -0.124773   0.014197
-0.4732   0.38541   0.218388
-0.475737   0.275224   0.141339
-0.410303   0.286113   0.244673
0.362257   -0.0794313   -0.486607
-0.475641   0.0648367   -0.215347
0.457125   0.238781   -0.170845
0.487291   -0.282065   -0.143083
-0.322922   -0.381063   -0.226137
0.422878   0.159616   -0.294862
0.0522406   0.473978   0.104907
0.0430012   -0.26352   0.223141
0.316464   -0.123252   0.199985
0.270352   0.150358   -0.137136
-0.0159419   0.195919   -0.348906
0.209481   0.101731   0.106015
0.00433037   -0.468029   0.459079
-0.12775   -0.393108   -0.108068
0.379666   0.251822   -0.244326
-0.465514   0.488128   0.216741
-0.158447   0.0186939   -0.155181
0.215558   0.273406   0.451982
-0.0104848   0.113501   -0.0595145
-0.138969   0.349508   -0.453736
-0.14674   0.250695   0.129539
-0.310285   0.464558   0.499876
0.300624   -0.0425028   -0.107076
-0.169383   -0.449056   -0.280434
0.0935761   0.24957   0.398749
0.495275   -0.0463079   -0.20566
-0.199637   0.350375   -0.348103
0.416101   -0.30894   0.0835194
0.178553   0.0131282   -0.214026
-0.37278   0.113054   0.358893
0.354993   -0.308482   -0.286638
0.369759   0.375409   -0.470116
0.0907368   0.399203   -0.0506421
0.484949   -0.0673675   0.450522
0.308883   -0.439282   0.156519
-0.287595   -0.0757502   0.309829
0.27963   0.232925   0.167321
-0.186482   -0.141093   0.192351
-0.237758   0.0424117   -0.352441
0.150649   0.0926231   -0.169999
0.196241   0.478072   -0.138406
-0.459355   0.357343   0.088706
-0.142541   0.191615   -0.318281
-0.111136   -0.257525   0.115934
0.20652   -0.200697   -0.0484052
0.177471   0.146513   0.214854
0.297066   -0.11819   -0.320357
-0.149033   -0.315513   -0.221598
-0.289276   0.330217   -0.399783
-0.0173797   0.456666   -0.288029
0.333318   0.3256   0.249017
-0.487147   -0.182853   -0.34412
0.106149   0.326332   -0.439793
0.120925   0.176625   0.167948
-0.258465   -0.412305   0.108047
0.494597   0.0689701   0.211461
-0.164727   -0.331989   0.127842
0.435028   -0.285413   0.423485
-0.103747   0.0723063   -0.189448
-0.0941979   -0.231669   0.418256
0.276715   0.191752   0.00423714
-0.0010792   0.440043   0.441034
-0.374363   0.034339   -0.294787
0.169706   0.335393   0.0957055
-0.0857996   0.438254   0.439838
0.482799   0.285114   -0.260686
-0.453986   -0.369088   -0.47931
-0.184212   0.292603   0.041845
0.311177   -0.162619   -0.253263
0.409048   0.00703901   -0.229949
0.395118   0.0871515   -0.255033
0.402115   -0.209346   0.224681
-0.127885   -0.333002   0.207844
-0.198649   0.0726788   0.0797525
