0.61506   0.737349   0.834429
-0.1389   -1.38536   0.198645
0.580559   0.36342   -1.05888
0.00468697   0.818916   1.59077
0.817882   -0.379756   -0.546251
-0.92868   0.988085   0.355783
-0.227928   -1.38682   -0.687074
0.684769   1.76356   -0.487274
1.37629   -0.536054   0.438475
1.34946   -0.638391   -0.113823
-1.13121   1.21766   0.305808
-0.685022   0.0926177   -1.3026
0.683418   0.219304   1.13718
1.26628   0.446138   2.79618
-0.536352   -0.637505   0.112197
0.977117   -0.545282   0.29736
-1.46404   0.636163   -0.788322
0.665463   -0.628414   -0.609852
-0.498612   -1.11908   -2.61399
-1.93862   -1.78992   -0.190883
-1.17412   -0.374565   -1.83342
-0.695514   -1.47332   1.04612
0.780474   -0.0347994   1.3522
1.69679   0.0203342   0.923314
0.75409   0.395799   -0.583821
0.294105   -0.785201   -1.41841
-0.560967   0.783636   0.848339
-0.825157   -1.86636   0.129869
-1.24005   -0.460243   -0.506507
-1.08325   -1.89764   -1.29901
0.119036   -1.47586   1.40773
0.795933   -0.0688923   -0.998097
0.307436   -0.0844166   -0.367658
0.467414   1.79777   -0.829766
-0.726628   0.478356   0.0567444
0.674693   -0.526894   0.66402
-0.566266   -0.275119   1.22471
-0.316409   -0.699089   0.260125
-0.799081   0.69191   -0.321211
1.36515   -0.414525   0.217506
0.223837   -0.784014   -0.0287952
-0.387254   -1.04958   -1.42549
-0.538421   -1.19662   -0.222889
-1.32768   0.354756   0.282261
-0.744794   -0.067492   -1.58686
0.320545   -1.56176   1.76877
0.343823   2.0283   0.694527
-0.682433   -0.999734   0.538035
0.175401   2.73415   2.66802
1.53035   -0.413336   -0.387489
3.13844   -1.29154   -0.0466938
-2.45202   0.493681   0.0818143
-0.611225   -1.25802   -0.502249
-0.392638   1.94362   -2.46529
1.87694   -2.36955   -0.722366
-0.590368   -0.390762   2.05302
-0.414518   -1.10328   -2.46445
1.4671   0.222749   -1.99853
-1.34916   -0.929865   -0.757677
-0.403835   1.88027   1.22747
0.986314   1.20146   -1.30544
-0.236254   -0.458554   0.644369
0.0726847   -1.34007   -0.104296
-0.242766   -1.50409   -0.00851776
0.565954   -0.373375   -0.185506
1.13765   -0.143116   -1.47388
-1.34149   0.517386   0.123317
0.0384798   1.95433   0.810785
0.157403   0.421141   1.01266
-0.162811   -2.3572   -1.19451
0.780435   0.210227   -0.969435
-0.804574   1.22443   -1.51406
-0.999668   1.01555   0.841682
2.01263   -1.16468   -0.826323
0.185785   3.04871   1.90543
0.392601   1.41759   0.661555
-0.784866   1.15076   -1.34148
-0.553081   0.362647   0.897159
0.0475335   -0.258735   0.75364
0.862925   -0.376457   0.105104
-0.649432   0.149126   1.51275
0.442165   0.0815935   -1.45114
2.3923   0.757875   -2.3536
-1.05759   -0.847414   0.669379
0.283895   -0.0920207   -0.218948
0.788554   0.290602   -1.3054
1.81689   -1.16622   1.26718
0.427331   1.53522   0.306846
0.725233   1.68908   0.646559
-3.45652   0.170561   1.3136
1.24942   0.545284   -0.886535
-0.570582   0.541117   0.543839
-1.4731   -0.360561   -0.245129
0.053095   -0.36969   -0.423923
-0.553733   1.04409   -1.00183
-0.214121   0.997553   1.23703
-0.393893   1.49692   1.39767
0.974621   -0.154086   0.308629
1.45435   1.4431   -0.161219
-1.17969   0.588597   1.07341
-1.87336   0.753586   0.152652
-0.358083   -1.39664   0.220494
-0.188359   -1.56013   -1.30151
-1.11817   -0.520874   2.70936
-0.136279   1.17614   0.028798
1.16227   0.982603   1.5885
0.523379   0.13265   -0.71186
-1.10683   -0.665487   -0.0936385
