-0.494665   -0.490703   -0.499109
-0.340175   -0.338836   0.469768
-0.49889   -0.323177   -0.333198
-0.322585   -0.496302   -0.32643
-0.172379   -0.494485   -0.492376
0.0186301   -0.346638   0.47284
-0.15842   -0.326159   -0.323771
-0.00562809   -0.490319   -0.347366
0.181964   -0.490007   -0.483037
0.334231   -0.336645   -0.49789
0.180695   -0.333659   -0.328309
0.348324   -0.485832   -0.325195
-0.499606   -0.162322   -0.496397
-0.348359   0.0247741   0.494957
-0.496796   0.000863567   -0.341857
-0.348604   -0.179592   -0.353962
-0.170812   -0.192012   -0.498461
0.00588104   0.00470421   -0.493074
-0.186438   -0.00203805   -0.350537
0.00174041   -0.171358   -0.324686
0.179338   -0.177146   0.496862
0.330168   -0.0146576   0.485194
0.174941   -0.0146141   -0.336086
0.33042   -0.166425   -0.346196
0.494776   0.191311   -0.495488
-0.328775   0.336516   -0.486112
-0.498861   0.33718   -0.318589
-0.33503   0.176591   -0.320258
-0.162512   0.175103   -0.495583
-0.00468903   0.320327   0.499953
-0.162543   0.328734   -0.319389
0.00798623   0.152726   -0.325937
0.165126   0.173972   0.494721
0.322319   0.341216   -0.491543
0.146492   0.321382   -0.337558
0.330316   0.162592   -0.351943
0.49649   -0.497935   -0.170974
-0.329504   -0.341127   -0.164596
0.494249   -0.304424   0.00301291
-0.336685   -0.495277   0.0178873
-0.152069   -0.488198   -0.166203
0.00813031   -0.334793   -0.16363
-0.139716   -0.354116   -0.00403228
0.013874   0.492673   0.00900142
0.171945   -0.497561   -0.157228
0.329866   -0.314448   -0.16479
0.157253   -0.344712   0.00608704
0.344943   -0.460896   -0.00800534
0.490693   -0.16731   -0.180867
-0.337144   -0.0177003   -0.180939
0.488077   -0.0124242   -0.0106668
-0.334391   -0.175587   -0.00653252
-0.159693   -0.15546   -0.176025
-0.0188956   0.00434133   -0.148751
-0.153161   0.00308671   0.0118495
-0.0020174   -0.187331   0.00272649
0.17618   -0.174667   -0.167824
0.338499   -0.0076157   -0.187408
0.165082   0.00445271   -0.00628373
0.320912   -0.176397   0.00464561
0.485405   0.172014   -0.142846
-0.34224   0.318644   -0.149444
0.480281   0.333592   0.00625908
-0.33845   0.150434   -0.000478498
-0.170653   0.177633   -0.148546
0.0127829   0.358752   -0.170418
-0.184083   0.339755   0.00273581
0.00461172   0.182728   0.00140545
0.184388   0.165447   -0.159859
0.336598   0.333164   -0.173629
0.171109   0.332682   -0.012696
0.325459   0.158911   -0.00367553
0.488183   0.48748   0.172236
-0.348894   -0.324987   0.165036
-0.499748   -0.322846   0.319221
-0.334159   0.46871   0.332483
-0.157878   0.491351   0.172247
0.0126683   -0.355973   0.161822
-0.16909   -0.319952   0.311279
0.0220853   0.485389   0.3364
0.175617   0.478333   0.178191
0.344775   -0.329444   0.159097
0.18505   -0.337786   0.323614
0.324676   0.488253   0.3438
-0.498754   -0.150636   0.1645
-0.325817   -0.0111657   0.180909
0.487221   0.0162759   0.344842
-0.337231   -0.173044   0.328043
-0.156489   -0.171943   0.139988
-0.00833505   0.0192109   0.172083
-0.173048   -0.00404387   0.350304
-0.00793353   -0.174368   0.333996
0.15777   -0.143882   0.172523
0.326552   0.0106642   0.163003
0.153205   0.000254456   0.334391
0.33422   -0.174229   0.320858
-0.497421   0.162852   0.171803
-0.35256   0.337619   0.155693
0.49369   0.334956   0.335661
-0.315919   0.185109   0.341825
-0.173298   0.180586   0.167142
0.0148347   0.321996   0.173125
-0.156431   0.331523   0.331654
-0.00350429   0.173754   0.334663
0.15634   0.16884   0.163272
0.337185   0.321463   0.16987
0.158614   0.322208   0.339114
0.328121   0.172079   0.322093
