-0.175056   1.07422   -1.55466
1.81385   0.686862   1.06152
0.137965   -0.0111273   0.635309
-0.527206   0.207878   -1.36497
-0.210503   0.909959   1.7859
0.922263   0.878576   0.414922
0.578008   -1.3689   1.20884
-2.13844   0.0451505   0.548317
-2.04207   -1.23714   -0.972304
1.06054   0.570577   -1.28122
0.0143448   -0.171502   -0.023268
-0.118435   2.03038   -0.727487
-2.56439   0.536938   -1.11526
-0.507507   1.38713   1.03666
-1.4862   -0.875368   0.0820851
0.734102   -1.1386   -0.0776777
1.48398   0.85562   -2.03877
-0.944221   -0.626729   0.720391
-0.312588   -0.51333   -0.081601
-1.66209   -0.758621   1.24494
0.367259   -0.812288   -1.33583
0.199093   0.14841   -0.158669
-0.197613   -1.59125   0.258927
1.0033   -0.130056   -0.0600498
1.30313   -0.924269   -0.0126946
-0.902059   -1.45057   -2.08706
-0.690245   0.650332   -1.06498
1.03277   -0.940448   1.41159
0.00420584   -1.76107   2.22427
0.919178   0.834613   0.928021
0.923935   -0.0893591   -0.338916
1.06091   -1.82957   0.693818
-1.03419   1.16213   -0.741769
1.68156   1.28855   -0.247837
-0.769416   -0.34088   -0.865756
-0.514539   -0.430876   0.00380737
-1.33941   2.23117   0.0121509
-0.353417   -0.287301   -0.230558
1.23023   0.385391   0.0156602
-0.443468   -1.1489   -0.518241
-0.155821   0.0556358   -0.449191
1.12415   -0.0314699   -0.626789
0.543296   -1.06868   -0.890818
-0.0443573   0.723549   0.327972
-0.0834496   1.05709   0.290631
-1.85696   -0.522276   -1.13333
1.81995   0.164576   0.981596
-0.492809   0.450982   0.418345
-0.220243   -0.859301   0.106326
-0.490323   0.719215   -0.297445
-0.521512   -0.165139   0.378689
-1.06152   1.67855   0.816569
0.00487374   1.34228   -0.327909
0.428137   0.410864   1.57967
-1.21124   0.0231116   0.297687
-0.382911   0.524355   -0.811062
-0.277058   0.43368   -0.135715
1.57423   0.180109   -0.755599
0.655334   0.209339   1.38987
-1.19549   0.425605   0.287095
-0.781915   -0.856517   0.138929
0.329904   1.31021   0.544205
2.27667   0.797093   -1.19162
-0.987318   0.139503   1.31783
-0.335733   -0.942261   0.957675
0.165359   0.0306313   0.48567
-0.977001   -1.30209   -1.56244
0.82056   -0.271688   -0.411837
1.44325   -0.0945765   0.344212
1.07903   -0.160504   -0.656651
1.55496   -0.148251   1.0324
-0.428926   0.933274   -0.489199
0.166165   -0.383605   -0.547965
-0.262211   -0.769703   -0.0664356
0.505946   -0.753603   -1.17665
-0.181409   0.167632   1.03
-0.539555   0.362265   1.3581
0.166748   -0.482062   -0.000649755
0.162207   -0.0651624   1.53811
0.993232   0.966992   -0.331088
0.663008   1.33158   0.0641607
-0.583521   1.02199   -0.347035
0.083487   0.210483   -1.06045
1.2655   -1.17698   0.811582
-0.0735567   -1.13565   0.721979
0.515815   -1.46282   0.109785
-1.29969   1.04907   0.818327
0.0760889   0.544801   -0.129632
-0.193431   0.784606   -0.869861
-0.498605   -0.606387   -0.880102
0.32862   0.149197   0.392763
-0.390556   0.449532   0.941364
1.45579   -0.481485   0.0740239
-0.715844   0.631106   0.249811
-0.194922   -0.50429   1.15734
0.42696   0.292599   -0.379077
0.845223   -0.768428   -0.0508896
-1.70919   0.213218   0.735874
0.566064   -0.270917   -0.70248
-1.04239   -0.649563   0.422227
0.839255   0.877723   -2.04908
0.843583   -1.18795   -0.392483
-0.289403   -0.415643   0.583869
0.0285436   0.297474   -2.40233
0.722608   0.818748   1.14728
0.401584   0.18612   -0.851314
-1.11358   -1.6236   0.995921
-1.82127   -0.249917   -0.25833
