-0.304507   0.0790141   0.165903
-0.180422   -0.0980539   0.0870714
0.21607   -0.309557   0.176837
-0.327035   -0.0286319   -0.070188
-0.0637502   -0.23577   -0.449121
-0.0449666   -0.305877   0.0457887
0.111256   -0.132927   0.277697
-0.146214   0.15164   0.441206
-0.406814   -0.144517   -0.36085
0.14945   -0.17135   -0.45011
0.230101   -0.419815   -0.00386123
0.257486   -0.466629   0.326526
-0.385849   -0.0838276   0.141991
0.162043   0.329938   -0.178844
0.403637   0.137034   0.388389
0.155634   0.336764   0.393036
0.293902   0.222225   0.00139106
0.0582395   0.350758   0.00912524
0.0609043   -0.151308   -0.262697
0.0979319   0.118852   0.0694818
-0.462165   -0.0086397   0.497877
0.419961   -0.295162   0.291722
-0.0833306   -0.421991   0.432326
0.0373988   0.208362   -0.324955
-0.026136   -0.267618   0.323583
0.00950113   -0.0100444   0.446082
0.212982   0.461715   -0.411272
-0.189658   -0.161333   0.404988
-0.293689   0.450593   -0.120765
0.343082   0.435361   -0.0820514
0.24043   -0.232038   -0.0583409
0.296398   -0.144222   0.41339
-0.485764   -0.493071   -0.200971
0.474295   -0.0762753   -0.0408673
-0.453817   0.451652   0.174762
0.428308   0.295074   -0.486458
0.432592   0.138105   -0.130096
0.324505   0.326373   0.304929
-0.0580972   0.346572   0.185553
-0.283235   0.378739   0.0907817
0.285021   -0.321698   0.493875
0.438599   0.031167   0.114741
0.0442535   0.425254   -0.30303
-0.384304   -0.184616   0.346755
-0.145007   -0.45799   -0.360726
-0.303961   -0.422821   0.0710917
-0.219083   0.145418   -0.209245
-0.248935   -0.320711   -0.481687
-0.222236   -0.309788   -0.0790335
0.174522   -0.465443   -0.194976
-0.471627   0.242288   0.205496
-0.341809   0.164765   -0.440723
0.259522   0.21849   -0.399708
0.0853846   -0.363854   -0.349689
-0.45189   0.422901   -0.37634
-0.20844   0.481828   0.226856
-0.384853   0.0918666   0.362589
0.290758   0.119974   0.209251
-0.0632346   -0.469882   -0.155095
0.067622   0.193811   0.466028
-0.28327   0.480718   0.490307
0.379914   0.355745   -0.269698
-0.211331   -0.275585   0.229523
-0.217281   0.239968   0.273819
0.387001   -0.245109   0.0840085
0.301029   -0.0479332   -0.203496
0.252474   0.148548   -0.214165
0.229784   0.0481269   0.466921
-0.301956   -0.379773   -0.259331
-0.101751   0.496698   0.0433376
0.471389   -0.0397945   0.320322
0.301144   -0.0949261   0.200208
-0.0439941   0.378926   0.379822
-0.377499   0.0452511   -0.27547
0.0698149   -0.139774   0.0206808
-0.389312   0.245351   -0.199117
-0.00155536   -0.461424   0.23923
-0.098556   -0.295283   -0.259576
0.124078   0.05893   0.281974
-0.45478   0.351083   -0.0328311
0.498931   -0.311593   -0.488909
-0.254267   -0.134586   -0.245913
-0.245126   -0.0147667   -0.436516
0.245249   -0.0119638   0.0232251
0.415492   0.113475   -0.392056
-0.0959654   -0.0867949   -0.11686
0.147182   0.0363637   -0.353858
0.367178   -0.450226   0.150961
-0.381827   0.350853   0.345309
-0.159074   0.299946   -0.0217522
0.134506   0.259886   0.217183
0.114771   0.0208306   -0.145997
-0.362782   -0.413139   0.326671
-0.0316163   0.15132   -0.1327
0.349742   -0.367088   -0.267929
-0.424098   -0.280428   -0.159772
0.393565   -0.130707   -0.397341
-0.407704   0.167847   0.00419525
-0.168632   0.349505   -0.22652
0.224241   0.415336   0.132167
-0.0484068   0.138271   0.249647
0.419208   0.481964   0.42786
0.0640061   -0.312127   -0.138595
0.463365   -0.401426   -0.0151269
-0.0861646   -0.0590582   0.252834
-0.412197   -0.277853   0.140747
-0.0860152   0.0401669   -0.320648
-0.12836   0.288406   -0.405685
