-0.0200487   -0.246081   -0.402904
1.25552   -1.52747   -1.06135
1.25831   1.13017   1.15139
0.219721   1.1632   0.217212
-1.03127   -0.178248   -1.15324
-0.13745   0.0195529   -0.839463
-0.917852   -1.13206   -2.68151
-1.83579   -1.56828   -0.149174
-0.148805   -1.75664   0.107851
1.36413   0.981878   -0.337999
0.199715   0.101885   1.67878
-0.213111   0.964458   1.37651
0.343865   0.139934   0.694686
-0.86838   0.80594   -0.857751
-0.792328   -0.376475   0.745253
1.34293   1.69195   1.27536
-0.499172   -0.10479   -0.773858
0.435519   1.97674   1.04267
0.556378   -0.159606   0.210179
0.182413   0.510762   0.504922
1.25221   -1.99261   -1.00135
-0.783679   -1.45095   1.26739
-0.94363   1.53042   1.21347
2.10121   -0.590299   1.16306
1.88348   1.0767   -1.18488
0.340409   0.622866   0.3861
0.331071   0.704482   -2.71807
0.176538   1.13812   -0.349201
1.50159   0.270108   -1.16501
3.36092   -1.13358   0.237745
1.327   -1.04435   -0.325758
0.633324   -1.01464   -0.593461
-0.120718   0.340745   0.824694
1.00157   2.30699   -0.559258
0.87115   -0.315665   -0.906118
-1.69445   -0.235835   0.928793
-0.600422   0.0328699   0.754621
2.18621   -1.07928   2.57221
-0.389831   -1.34809   0.329656
-0.882952   0.583812   -1.14761
-0.772439   1.96016   1.18792
-0.486791   -1.59246   0.397682
-0.167911   1.58636   -0.527924
-1.4675   1.61349   -0.940851
0.569672   -0.821688   0.673161
-1.54585   0.438651   0.188924
1.1409   0.576381   -0.778131
0.116637   1.27955   1.71311
0.35346   -0.559126   -1.25528
-0.722241   -0.816175   -0.86038
-0.493065   0.506539   -0.802986
-2.40825   -0.013336   -0.325393
1.09986   -0.638823   -0.02817
-0.148321   -0.0897513   -1.1788
-0.0716462   1.08264   1.44674
-0.630451   2.02897   1.69644
0.257349   -0.310886   -0.304317
-0.364801   0.109069   -0.512606
0.548361   -1.8886   1.11736
0.358329   0.469084   0.802487
-1.47198   -0.137381   0.067672
-0.698861   1.21217   -0.93804
-1.90467   0.0367531   -1.39362
-1.42818   -0.508384   -0.742384
1.16859   -1.27437   -0.334932
-0.286081   0.825759   0.230787
0.741149   1.14984   1.42891
-0.0776817   0.938479   0.96045
0.534981   -1.82459   2.0371
0.0218988   -1.04736   -0.828384
-1.16837   -1.06103   -1.39017
-0.355593   -2.00494   -0.79222
-0.0104506   -2.30386   0.312163
0.366578   0.900069   0.124493
-0.994238   -1.42364   1.42445
-0.307962   0.230072   -0.983552
1.55303   0.529885   -0.698041
-0.536404   0.646117   -1.23099
0.426137   0.382963   -0.316635
-1.57443   0.0678713   -0.90325
1.55588   -0.603454   0.489193
0.969315   0.066856   -0.542519
-0.0601487   -0.101644   -1.51758
-0.696742   0.225252   0.133883
-0.98243   -1.47118   -0.0267233
-0.903338   0.939636   0.827575
2.50376   -0.403593   -0.854662
-0.998977   0.661383   0.656812
-1.73011   0.528828   0.528899
-0.435939   -0.146271   -0.648803
0.957445   -0.27119   0.392291
0.557143   0.765937   0.690176
-0.17771   -0.0474468   1.69477
-1.69226   0.808213   2.02563
-0.0294911   -0.52026   0.198215
0.510058   -0.912555   -0.229297
-1.47078   0.943108   0.816277
-0.241806   -0.830346   -0.802789
0.0437011   0.488753   2.3892
-0.352047   0.21658   -1.83843
0.177206   -1.66908   0.656756
1.20805   -0.83232   0.638304
-0.324908   1.66146   -1.50065
1.12041   -1.35655   -0.704572
-2.36987   1.2165   -2.02669
0.920585   -0.518438   -0.645791
-0.00683089   0.802549   -0.171524
0.541776   -0.733803   1.15468
