0.340709   -0.346447   0.373079
-0.404589   0.418255   0.247002
0.193008   0.0945382   0.201811
-0.282642   0.0174537   0.0106726
-0.399197   -0.00825761   -0.155705
0.20351   -0.245081   -0.484493
-0.194127   0.190541   0.074644
-0.402991   0.0713056   -0.40339
-0.0368898   0.222421   -0.12338
0.285361   -0.45293   -0.483314
-0.241843   -0.349331   0.088323
0.320659   -0.412082   0.106203
-0.36366   0.424089   0.442936
-0.0721132   -0.131826   0.370313
-0.238723   0.216919   -0.303674
0.422099   -0.0238978   -0.379006
-0.221045   -0.368423   -0.373996
0.4338   0.353155   -0.172821
-0.138665   -0.398556   0.437624
-0.290044   -0.121327   0.333126
-0.18243   -0.30188   0.264985
-0.235664   0.401326   -0.334265
-0.135517   0.00441162   -0.163102
0.450395   -0.11437   -0.163914
-0.287202   -0.116881   -0.34552
-0.40449   0.181126   0.132529
-0.371828   0.225749   0.48734
0.193512   -0.161125   0.315331
-0.130841   0.393304   0.0994401
0.493362   0.229512   0.348454
0.2841   -0.49099   -0.268463
0.280639   -0.167649   -0.278569
-0.0479452   0.314326   -0.315059
0.0915708   0.103977   -0.250619
0.0636292   -0.103159   -0.323622
0.396069   -0.28923   -0.380118
-0.218835   -0.416844   -0.14939
0.193136   -0.38013   -0.0319659
0.418784   0.425731   0.397873
0.394725   0.405203   0.202461
-0.320721   0.205044   -0.103144
0.203633   -0.494774   0.338673
-0.463351   -0.407551   0.342782
0.305804   -0.0608956   0.447648
-0.483387   0.00204465   0.417017
0.275334   0.223684   -0.0432363
-0.42968   -0.29403   -0.266265
0.442224   -0.441567   -0.038994
-0.0569102   -0.222482   -0.446934
0.0623765   0.239899   0.371807
0.434256   0.413389   -0.412481
0.159712   -0.272822   0.150724
-0.473523   -0.277941   0.183804
-0.412623   -0.294321   -0.0456832
-0.313587   -0.303243   0.436691
0.377693   -0.201507   0.0280462
-0.442852   -0.427021   -0.44561
0.440586   0.347706   0.0239139
-0.393886   0.419829   -0.0590757
0.383644   0.189853   0.198268
0.0496641   -0.442835   -0.498307
0.32636   0.0210001   0.00230215
0.113669   -0.483489   0.115643
0.299218   0.0433878   -0.231599
-0.128627   -0.231556   -0.236189
0.249265   0.439588   -0.0689696
0.111599   0.429249   -0.33828
-0.321559   0.0968844   0.315792
-0.0207316   -0.226344   -0.0679715
0.306411   0.24616   -0.290733
0.136963   0.339173   0.215297
0.0843976   0.319124   0.0270977
0.0953878   0.0903086   0.0186631
0.400193   0.188843   -0.458546
0.0993728   -0.346111   -0.261896
-0.450445   -0.122373   0.00254644
0.112555   0.224101   -0.405165
-0.0230624   0.479223   0.301141
0.48285   0.169937   -0.140157
-0.198355   0.381326   -0.132544
0.23038   0.119071   0.410699
0.0409021   -0.321098   0.328729
0.227739   0.0253848   -0.408547
-0.450755   -0.196217   -0.435353
0.362213   -0.296864   -0.140813
-0.282214   -0.168214   -0.141593
0.474145   -0.176173   0.343416
-0.137206   0.208784   -0.480597
-0.440657   -0.485967   -0.254505
0.20795   -0.125812   -0.0909456
-0.42231   0.299698   -0.311699
-0.00932302   0.171717   0.167209
0.0807967   -0.0464122   0.462413
-0.446825   -0.0590789   0.186457
-0.0652465   -0.410849   0.136863
0.126057   0.305211   -0.179798
-0.111986   0.0881287   0.367589
-0.44453   -0.457213   0.120985
0.239876   0.331502   0.414046
-0.0774533   -0.485944   -0.295
-0.120755   0.0154157   -0.416746
-0.151835   -0.00835417   0.189956
-0.249219   -0.14884   0.0841217
-0.000634909   0.474742   -0.0814174
0.343337   -0.0293895   0.239587
0.0542718   -0.04933   0.206558
-0.0225692   -0.221043   0.127141
-0.131802   0.395326   0.455411
