1.2845   0.112825   -0.917467
-0.977901   1.92127   -0.827217
-1.52122   0.98015   0.623598
0.0867021   -2.96962   -0.175321
-0.752809   0.144766   -0.0847112
-0.821314   0.856101   -0.639773
-0.0261331   0.891527   -0.245306
1.14814   -0.267231   -0.715329
0.0196924   0.209   -1.1833
-0.656569   0.80781   -0.567878
0.783021   0.0827906   -1.07029
0.488148   0.665465   -2.54428
-0.0949725   1.38592   -1.22538
-0.23484   -0.178259   1.43936
-0.906895   -0.761469   -2.11786
-1.75688   0.917629   0.956734
1.64174   0.566751   1.06691
0.226457   -0.637991   0.548629
-0.744888   -1.54758   -1.21069
0.954034   -1.89624   0.397384
-1.96624   0.840641   -1.47689
1.08398   -0.913286   -0.438296
-0.0692123   -1.35531   -0.198898
0.134602   -0.308477   1.42372
-0.505498   0.395267   -0.488487
-0.176281   -1.11835   0.219009
1.66377   1.77523   0.36484
-0.613081   -1.09567   2.13741
-0.144981   -1.52398   1.25856
-0.83196   -0.6674   -0.152305
1.56835   -0.434923   -0.745324
0.237669   0.758946   1.37228
1.8162   -0.891728   -1.69534
0.516077   1.15019   -0.761496
0.42274   1.64657   -0.525174
0.687166   -0.227773   0.751272
-0.614344   0.728509   -0.641848
-0.238146   -0.203701   -0.375812
0.660354   0.588226   -0.296172
1.48378   -0.0280044   -1.27894
0.587381   -1.51951   -0.0741344
-1.41275   -2.27148   0.84431
3.56415   0.0330123   0.0840703
-0.260032   -0.35919   -0.283248
0.346452   -0.395721   1.04353
1.7714   0.717493   -0.228219
-0.32157   -0.108573   1.3242
-0.687178   0.493509   0.0131936
0.14276   0.454622   0.151915
-1.0731   -0.714285   0.272688
-0.329566   0.556613   0.995906
0.397534   0.28872   0.972034
0.256274   0.389209   1.8728
0.430137   -0.165066   -1.0283
-2.27317   -0.243124   0.759776
-0.0733015   0.919881   -0.0157998
2.20358   0.133349   -0.214978
-0.901888   -0.907249   0.39524
-0.456093   1.52058   2.19446
0.928763   1.47347   -2.07889
-0.882563   -0.781226   0.340561
-2.09778   -0.84948   0.817456
-0.731444   0.249725   -0.525561
-0.300747   0.953227   0.704474
-0.583551   0.152388   1.01681
0.96386   -0.173897   -0.308581
-0.0691876   -0.670096   1.58949
1.06656   0.351038   0.854808
1.61282   -0.617703   2.28877
0.543975   -0.280641   -0.885038
1.74085   1.37899   -0.324817
0.313045   -0.281046   0.689246
-0.6211   -2.31363   -0.484881
0.248084   -1.60206   -1.88752
-0.0446623   -1.07929   0.853473
-0.187312   1.20263   -0.78479
-0.144179   0.623467   1.48424
-1.30977   -0.411307   -0.43704
-1.49573   -0.764056   -1.2716
-1.19442   -2.78311   0.788724
-0.30831   -1.21907   0.398526
0.530466   1.02955   -0.0608588
0.707398   1.52476   2.54886
0.4042   -0.970116   -0.618857
-0.649624   1.27935   -0.487101
0.572064   0.0470892   0.705415
-0.640044   0.685854   -1.84868
-0.877698   0.216079   -1.37087
0.277563   1.88542   0.562304
0.421538   0.469743   -0.321634
0.441743   0.779228   -0.626486
-0.796194   -0.961192   -0.558237
0.591884   1.6621   -0.26151
0.644042   -0.55473   -1.74607
0.0011015   -0.0152994   0.514301
-0.493495   -1.13722   1.38762
-0.429772   -0.545842   -1.98953
0.264978   0.761913   1.0808
-3.02499   0.351581   -1.49463
-0.786746   -1.2755   1.26865
-0.044382   -0.686833   0.0993211
-2.07574   1.89255   -0.265624
0.998941   1.43153   0.133096
-0.104476   0.679927   0.692439
0.2688   -1.71231   -1.10063
-0.34428   -1.46906   0.155601
0.45106   0.516139   0.387465
1.08047   2.33561   1.3376
