0.370341   0.418567   -0.373729
0.342679   -0.0602242   -0.240624
0.209143   -0.256047   0.498811
0.0912475   0.456309   -0.130729
-0.012027   -0.393014   -0.0063541
0.223014   -0.493785   0.370745
0.0881754   -0.0128627   -0.332143
0.192595   0.0458239   -0.341062
0.308855   -0.114003   -0.181124
-0.36113   0.36465   -0.144121
-0.341221   -0.347493   -0.0494379
0.326077   -0.0289309   -0.00595487
-0.273444   -0.357318   0.459005
-0.171825   -0.361651   0.45531
0.171037   0.0701877   -0.0837805
-0.213808   0.162217   -0.270382
0.240154   0.280071   -0.0808898
-0.480942   -0.428782   0.0181225
0.332851   0.455874   -0.0557302
-0.0756923   -0.258619   -0.0653738
-0.0263368   -0.473505   0.198163
0.274799   -0.479747   0.234542
-0.490666   0.146043   -0.309375
-0.0800652   0.497538   -0.264633
0.0914257   0.39836   0.104989
-0.398037   -0.196422   0.273654
0.400559   0.0911017   0.461782
0.104224   -0.402479   0.479295
0.489748   -0.159754   0.109496
0.303779   0.0123411   -0.0668496
-0.323788   -0.107874   -0.0221689
0.173292   0.360462   -0.417467
0.190795   -0.217596   -0.364054
-0.226486   0.269908   0.298481
-0.440349   -0.185867   -0.479386
-0.436092   -0.249801   -0.0303387
-0.418866   -0.194251   -0.126048
0.390943   -0.0762723   0.0796121
-0.197089   0.325461   0.493413
-0.045205   0.298564   -0.217812
0.450997   -0.124834   0.190336
-0.333187   0.476554   -0.272568
0.439906   0.140154   -0.163816
0.423161   -0.259707   0.313672
0.365123   0.219105   -0.0785554
-0.108243   0.206526   -0.494919
-0.062924   -0.0219519   0.328751
0.0691614   0.161445   0.221796
-0.0947247   -0.308249   0.405743
0.410222   0.0459709   -0.286072
-0.273053   0.410761   -0.038199
0.393825   -0.165659   -0.250876
0.228404   -0.04985   0.363262
0.395395   -0.396544   0.480307
0.40024   0.158026   0.207597
-0.34703   0.165676   -0.0897865
0.212702   -0.229387   0.344854
-0.0389683   -0.430532   0.45443
-0.0573819   -0.485289   0.343724
0.314732   -0.161281   -0.478913
0.0819294   0.403513   -0.19831
-0.147045   0.374667   -0.435401
0.448103   0.0330309   0.320232
0.387165   -0.19494   0.216083
-0.196953   0.471095   0.4064
-0.480083   0.487735   0.00298574
-0.209457   -0.323456   0.376098
-0.251091   -0.126994   -0.0405368
-0.476275   0.491869   0.197972
0.27873   -0.107588   0.141151
-0.494631   -0.209446   0.402246
-0.366501   0.463258   -0.398104
-0.347365   0.39916   0.454194
-0.411392   -0.169379   -0.308989
-0.148791   0.22886   -0.0724877
0.491934   0.331395   -0.381387
0.0249696   0.38319   0.28363
-0.297975   0.187013   0.459183
-0.245189   -0.175533   0.472351
-0.0192782   0.16089   -0.267683
-0.181661   0.480746   -0.21185
0.416032   0.371733   -0.436412
-0.442437   0.143661   -0.484948
0.114325   -0.15928   -0.287008
0.312244   -0.00286812   0.31688
-0.442516   -0.0883058   -0.14006
0.301116   -0.127863   -0.361151
0.441049   -0.211137   0.155414
0.43436   0.132406   0.0982713
-0.230333   0.423313   -0.12184
0.283496   -0.429781   -0.00306593
-0.439226   0.225873   0.491809
-0.0285731   -0.123441   -0.259434
-0.099225   0.387446   0.399192
-0.225581   -0.437088   -0.309517
0.0718392   -0.410477   0.0329009
-0.274853   0.261913   0.411048
0.224099   -0.274598   -0.166848
-0.193214   -0.0953515   0.405993
0.31391   0.279257   0.0975211
0.316822   0.237858   0.354038
0.364081   0.250318   0.0430684
0.349747   0.0232628   0.407787
0.360799   0.060152   -0.0957264
-0.252267   -0.478584   0.0830108
0.404819   -0.0900116   -0.322896
0.174887   0.454892   0.245462
0.214392   -0.0604352   -0.347937
