-0.0286467   0.447676   -0.53987
-1.25093   -1.00295   1.64865
-0.216801   1.32531   -0.79563
-0.93663   0.766021   1.0631
1.83562   1.25667   1.58279
-0.102151   -0.768675   -0.285995
-0.145615   0.408013   1.27453
1.01881   -1.6882   -1.95874
-0.750569   0.19202   0.509673
0.0695926   0.811208   -0.537633
1.64731   -0.12454   -0.514254
0.772218   0.781   1.07053
-0.575714   0.948978   2.01769
-0.286151   -0.249243   -0.781684
0.195486   1.31387   0.088203
0.735029   -1.93863   1.32767
-1.58932   0.76839   0.522743
-0.117074   -1.20106   0.643322
-0.496424   -0.576772   -0.137936
0.0852761   0.443   -0.114217
-0.317775   1.31393   -0.0416049
0.886054   -0.0340504   0.771243
-1.39851   1.95996   -1.31515
1.35331   1.47234   0.939432
-2.15244   0.0540403   -0.554733
-0.214427   0.703327   -1.16307
1.88287   -0.97798   0.185044
-0.77637   -0.360705   0.397339
-0.986244   0.704385   0.362407
-0.505009   1.08116   -0.303999
0.855243   0.575563   0.795201
1.81061   1.95169   0.16006
0.448904   -0.0304143   -0.255049
-1.31556   -0.24033   1.22282
-0.651314   -0.95305   -0.681611
0.466742   -0.995787   1.27907
0.733364   0.431084   -1.14041
0.20018   -0.0156932   2.07881
0.547992   1.39501   1.1574
-1.92369   -0.855255   -0.625173
-1.69462   0.166976   -0.404317
2.01983   -0.37437   -1.71595
0.903302   0.261499   0.0577153
0.105549   0.739317   0.742882
0.808306   -1.102   -0.233937
1.84773   -0.158432   1.73209
-2.78917   0.990035   -0.00520944
-1.00928   1.02948   1.2536
-0.129866   0.369059   1.33707
0.82221   2.44594   -2.34243
-1.25851   -0.717167   1.05627
-1.36213   0.911959   -1.09507
2.35576   0.492772   -1.80805
0.142392   -2.46331   -1.78393
0.343053   0.0441508   -2.28973
-1.01425   -1.28868   -0.753208
1.19247   0.387919   -0.295403
-0.622894   -0.618656   0.170578
-0.20678   -0.691764   -2.34459
-0.511574   1.3495   -0.560706
0.899578   -2.42188   -0.105827
-0.829108   0.364909   0.422105
0.200967   0.328521   -0.122129
1.34504   -1.67243   -0.278745
-0.54566   0.392477   1.60845
-1.17002   0.312074   1.74762
0.382736   -0.602412   1.42485
-1.37192   -1.08438   -1.50285
-2.06211   1.18468   -0.181383
0.437511   0.43142   1.32952
-0.371279   -0.176387   0.104136
0.618986   -0.583078   1.23638
1.03984   0.359943   2.6031
0.617912   2.06436   -1.2869
0.20078   0.332465   -1.87671
0.565883   -2.16817   0.487779
-0.170216   1.11641   -0.93464
-0.60613   -0.707582   1.12972
1.7594   0.0103756   -1.83257
0.559868   0.430363   0.00141505
-2.34079   -1.69118   -0.38564
0.107063   0.287875   0.173178
0.867309   -0.30807   -0.454222
-0.308485   -0.64986   -0.189495
0.158125   -1.10447   -0.135534
1.45945   -1.40541   2.94434
1.73386   -1.40582   0.47916
0.0543194   0.746844   -0.123
2.23597   -1.81542   -0.806762
0.914649   0.281184   -0.433694
-0.913958   -0.915833   -0.47087
0.409035   0.297864   -1.2547
-0.0966774   0.475591   0.00329557
-0.933123   0.0178185   2.77565
-0.829412   -0.584346   -1.29312
0.445333   -0.182928   0.69443
-0.147992   -0.300991   0.377362
-1.6665   -0.519025   -1.41785
0.237809   -0.162006   -1.47067
0.453988   -0.359821   0.109131
-1.13721   0.271671   0.791114
-0.493574   -0.641081   -1.00574
-2.41681   -0.791077   0.0266328
-0.92681   0.693855   -1.8098
2.07901   1.05926   0.49
-0.976323   -0.220298   -0.687701
0.492971   0.744193   -0.42667
1.28794   -0.595714   -0.540821
