-0.46685 -0.46685 0
-0.463244 -0.465047 0.001803 
-0.451578 -0.460557 0.00460886 
-0.47352 -0.463798 0.00459602 
-0.44096 -0.45923 0.00579111 
-0.406632 -0.450464 0.00996027 
-0.466547 -0.452762 0.00872589 
-0.402578 -0.446489 0.0098212 
-0.429453 -0.444596 0.00886591 
-0.471456 -0.447282 0.00837246 
-0.420859 -0.44488 0.007945 
-0.415175 -0.442404 0.00766355 
-0.444134 -0.442537 0.00705069 
-0.449118 -0.443007 0.00654457 
-0.439414 -0.442768 0.00609737 
-0.428554 -0.441879 0.00577234 
-0.466819 -0.443347 0.00561713 
-0.460408 -0.444294 0.00538004 
-0.427657 -0.443419 0.0051638 
-0.406312 -0.441563 0.00523838 
-0.44058 -0.441517 0.00498292 
-0.425945 -0.440809 0.00480346 
-0.462292 -0.441743 0.00468394 
-0.429987 -0.441253 0.0045112 
-0.45533 -0.441816 0.00436348 
-0.378529 -0.439382 0.00484772 
-0.465651 -0.440355 0.0047651 
-0.395401 -0.438749 0.00486436 
-0.384968 -0.436895 0.00504672 
-0.422537 -0.436416 0.00489903 
-0.433591 -0.436325 0.00473924 
-0.482411 -0.437765 0.00480944 
-0.453523 -0.438243 0.00468582 
-0.469338 -0.439157 0.004637 
-0.452827 -0.439548 0.00451947 
-0.346542 -0.436964 0.00509561 
-0.431376 -0.436813 0.00495828 
-0.437075 -0.43682 0.00482604 
-0.353073 -0.434673 0.00516793 
-0.46621 -0.435461 0.00509841 
-0.405231 -0.434724 0.00502687 
-0.433499 -0.434695 0.00490581 
-0.442723 -0.434882 0.004794 
-0.438856 -0.434972 0.00468465 
-0.438753 -0.435056 0.00458013 
-0.447739 -0.435332 0.00448793 
-0.449499 -0.435633 0.00440174 
-0.416284 -0.43523 0.00432787 
-0.443837 -0.435406 0.00424227 
-0.451359 -0.435725 0.00416878 
-0.462765 -0.436255 0.00412048 
-0.45795 -0.436672 0.00406195 
-0.408091 -0.436133 0.0040209 
-0.426366 -0.435952 0.00394988 
-0.421875 -0.435696 0.00388583 
-0.448725 -0.435929 0.0038229 
-0.458195 -0.436319 0.00377549 
-0.431898 -0.436243 0.00371061 
-0.404056 -0.435698 0.00368775 
-0.453165 -0.435989 0.00363744 
-0.456384 -0.436323 0.0035929 
-0.443017 -0.436431 0.00353613 
-0.416099 -0.436108 0.00349448 
-0.392697 -0.43543 0.00350569 
-0.466762 -0.435912 0.00348484 
-0.412565 -0.435558 0.00344981 
-0.439614 -0.435619 0.00339847 
-0.417711 -0.435355 0.00335846 
-0.443804 -0.435478 0.0033117 
-0.349037 -0.434243 0.00348982 
-0.396801 -0.433716 0.0034805 
-0.441585 -0.433825 0.00343356 
-0.442709 -0.433947 0.00338839 
-0.389869 -0.433351 0.00339495 
-0.409848 -0.433038 0.003364 
-0.45233 -0.433291 0.00332914 
-0.468058 -0.433743 0.0033165 
-0.447651 -0.433921 0.00327855 
-0.426315 -0.433825 0.00323822 
-0.403618 -0.433447 0.0032197 
-0.457462 -0.433744 0.0031935 
-0.433514 -0.433741 0.00315431 
-0.451714 -0.433958 0.00312359 
-0.482635 -0.434537 0.00314012 
-0.443845 -0.434647 0.00310489 
-0.439884 -0.434708 0.00306917 
-0.466452 -0.435072 0.00305555 
-0.49286 -0.435729 0.00309119 
-0.471755 -0.436134 0.00308295 
-0.465752 -0.436463 0.00306621 
-0.463132 -0.436756 0.00304646 
-0.392213 -0.436272 0.00305182 
-0.442052 -0.436334 0.00301946 
-0.435409 -0.436324 0.00298718 
-0.434744 -0.436308 0.00295562 
-0.442384 -0.436371 0.00292535 
-0.436491 -0.436372 0.00289504 
-0.440733 -0.436417 0.00286569 
-0.443507 -0.436488 0.0028375 
-0.459106 -0.436714 0.00281807 
