1 -1.35272 1.08867 4.69077 3.56171
2.5 -2.26995 -0.453202 17.352 0.453758
4 -2.22413 -0.117967 29.2189 1.4818
5.5 -0.852153 -0.684747 -0.412326 0.0149485
7 -0.490199 -0.615694 -0.161483 0.0183329
8.5 -0.136552 -1.09633 -0.228233 0.0312338
10 -0.844422 -0.53858 -0.381877 0.0141578
11.5 -0.784213 -0.577763 -0.439191 0.00891555
13 -0.593895 -0.903951 -0.30339 0.0339413
14.5 -0.642543 -0.760963 -0.328298 0.0191663
16 -0.757578 -0.690448 -0.41914 0.0106954
17.5 -0.622168 -0.719805 -0.363606 0.0129225
19 -0.25009 -0.601613 0.223253 0.0278255
20.5 -0.544558 -0.750418 -0.285269 0.0157429
22 -0.61628 -0.59124 -0.34617 0.0136204
23.5 -0.565527 -0.688959 -0.333458 0.0153153
25 -0.680538 -0.730384 -0.379845 0.0153421
26.5 -0.751149 -0.651039 -0.430637 0.0072893
28 -0.6449 -0.895494 -0.243052 0.0422195
29.5 -0.703466 -0.809101 -0.292477 0.0302311
31 -0.744074 -0.771956 -0.336563 0.0231299
32.5 -0.858526 -0.631616 -0.425293 0.010217
34 -0.737289 -0.600591 -0.417899 0.0070225
35.5 -0.70366 -0.737126 -0.387889 0.0190581
37 -0.644532 -0.712952 -0.373904 0.0156903
38.5 -0.651323 -0.541814 -0.330911 0.0159084
40 -0.716149 -0.66468 -0.423606 0.0080863
41.5 -0.781826 -0.642184 -0.440216 0.00781707
43 -0.798939 -0.60856 -0.457017 0.00677329
44.5 -0.869303 -0.629353 -0.420597 0.0127959
46 -0.786918 -0.648002 -0.432858 0.00971832
47.5 -0.801044 -0.630902 -0.450424 0.00613138
49 -0.705383 -0.641325 -0.425789 0.00824761
50.5 -0.699767 -0.574361 -0.401912 0.0107084
52 -0.733344 -0.56379 -0.404121 0.00994187
53.5 -0.757199 -0.534732 -0.396246 0.016694
55 -0.728122 -0.576324 -0.412008 0.00856894
56.5 -0.820471 -0.599099 -0.470363 0.00799285
58 -0.752306 -0.599125 -0.432174 0.00873536
59.5 -0.766089 -0.644962 -0.426655 0.00988875
61 -0.785031 -0.601231 -0.43602 0.00822753
62.5 -0.876138 -0.59804 -0.413574 0.0110886
64 -0.838353 -0.582227 -0.430388 0.00911583
65.5 -0.85501 -0.572177 -0.410061 0.0100332
67 -0.907384 -0.618122 -0.40705 0.010325
68.5 -0.851305 -0.610183 -0.439356 0.00793953
70 -0.814672 -0.601094 -0.439607 0.00767988
71.5 -0.811898 -0.635395 -0.435442 0.00881842
73 -0.805109 -0.626638 -0.43484 0.00781765
74.5 -0.777294 -0.583918 -0.441546 0.00838069
76 -0.76707 -0.597343 -0.434597 0.00820669
77.5 -0.749412 -0.594773 -0.423301 0.00973336
79 -0.714149 -0.606197 -0.419766 0.00776538
80.5 -0.736043 -0.658311 -0.439301 0.00770178
82 -0.72146 -0.650037 -0.414356 0.00944841
83.5 -0.761137 -0.611302 -0.435141 0.00709418
85 -0.743417 -0.630585 -0.432547 0.0071459
86.5 -0.735548 -0.661352 -0.423383 0.00686198
88 -0.747957 -0.643001 -0.438938 0.00765685
89.5 -0.826974 -0.64474 -0.42758 0.0140677
91 -0.812681 -0.692289 -0.437589 0.020025
92.5 -0.889603 -0.684196 -0.388361 0.0232758
94 -0.924862 -0.707236 -0.32774 0.0193375
95.5 -0.926873 -0.727331 -0.352624 0.021416
97 -0.924508 -0.696416 -0.304414 0.0229081
98.5 -0.915799 -0.740048 -0.24823 0.0299525
100 -0.937527 -0.661634 -0.375061 0.0164826
101.5 -0.881617 -0.665196 -0.412639 0.0122807
103 -0.860267 -0.630893 -0.441333 0.00983387
104.5 -0.823046 -0.625786 -0.458098 0.0105093
106 -0.776374 -0.653118 -0.452731 0.00955624
107.5 -0.807141 -0.619907 -0.443697 0.00824079
109 -0.840378 -0.664571 -0.451799 0.00832451
110.5 -0.85612 -0.657592 -0.443892 0.00997299
112 -0.842507 -0.637194 -0.439446 0.00805296
113.5 -0.83109 -0.641168 -0.442152 0.00844235
115 -0.857845 -0.62832 -0.441058 0.0158102
116.5 -0.824451 -0.597578 -0.442074 0.00929614
118 -0.836842 -0.632679 -0.437033 0.00818103
119.5 -0.859459 -0.599965 -0.429019 0.0100367
121 -0.906637 -0.583907 -0.402998 0.00942842
122.5 -0.896959 -0.603699 -0.421397 0.0109286
124 -0.898604 -0.620705 -0.402291 0.0102456
125.5 -0.91736 -0.628631 -0.373885 0.0157505
127 -0.847478 -0.643933 -0.442516 0.0088526
128.5 -0.840757 -0.635716 -0.436261 0.0104513
130 -0.881777 -0.607317 -0.424248 0.0186144
131.5 -0.867339 -0.612768 -0.419886 0.0116519
133 -0.857092 -0.631126 -0.43269 0.0105249
134.5 -0.8483 -0.627539 -0.440365 0.0108101
136 -0.852739 -0.638713 -0.420473 0.0124959
137.5 -0.828324 -0.612482 -0.433467 0.0103348
139 -0.844102 -0.613005 -0.435851 0.00893068
140.5 -0.83103 -0.627033 -0.434258 0.0145701
142 -0.839396 -0.654705 -0.442136 0.0106456
143.5 -0.839949 -0.635126 -0.427169 0.00847886
145 -0.834412 -0.636987 -0.444182 0.0137984
146.5 -0.803706 -0.626507 -0.439872 0.00730425
148 -0.807014 -0.634063 -0.456905 0.00636402
149.5 -0.791953 -0.613334 -0.442354 0.00831586
151 -0.7765 -0.648175 -0.440616 0.00847623
152.5 -0.795818 -0.655878 -0.461736 0.00704888
154 -0.805423 -0.683002 -0.420991 0.0113516
155.5 -0.806438 -0.671267 -0.418886 0.0175047
157 -0.819335 -0.66439 -0.445205 0.0163361
158.5 -0.839186 -0.660249 -0.435994 0.0106853
160 -0.86648 -0.619561 -0.419611 0.00926513
161.5 -0.863861 -0.630143 -0.425174 0.0106397
163 -0.876612 -0.625505 -0.430638 0.0216475
164.5 -0.870979 -0.639293 -0.433996 0.0116729
166 -0.850357 -0.614883 -0.442947 0.00756439
167.5 -0.842327 -0.617124 -0.447158 0.00881175
169 -0.840119 -0.599263 -0.418432 0.0122707
170.5 -0.827643 -0.577764 -0.427636 0.0115253
172 -0.835474 -0.589127 -0.440543 0.00859484
173.5 -0.82725 -0.606208 -0.448204 0.00753013
175 -0.827719 -0.605316 -0.450803 0.00688632
176.5 -0.850618 -0.613279 -0.430599 0.0108849
178 -0.846871 -0.613395 -0.443569 0.00985243
179.5 -0.862412 -0.597688 -0.436301 0.00980543
181 -0.846812 -0.592208 -0.425526 0.00851797
182.5 -0.839819 -0.603583 -0.450652 0.00827848
184 -0.831167 -0.609996 -0.440176 0.00800459
185.5 -0.817542 -0.610969 -0.439395 0.00774424
187 -0.843003 -0.623038 -0.43903 0.00861283
188.5 -0.832749 -0.628819 -0.434429 0.0105275
190 -0.841978 -0.663534 -0.437085 0.0117276
191.5 -0.825349 -0.688274 -0.435033 0.0111767
193 -0.814916 -0.682489 -0.42279 0.0104573
194.5 -0.823952 -0.677331 -0.402989 0.0209931
196 -0.850013 -0.673584 -0.415984 0.0107569
197.5 -0.85633 -0.657799 -0.410932 0.0128993
199 -0.845354 -0.674051 -0.427933 0.0128738
200.5 -0.833459 -0.662337 -0.430917 0.0110829
202 -0.809406 -0.652402 -0.432911 0.0107279
203.5 -0.80576 -0.649217 -0.442526 0.00889906
205 -0.820564 -0.660639 -0.437909 0.00974678
206.5 -0.810761 -0.668512 -0.431646 0.012262
208 -0.807767 -0.668882 -0.428376 0.0185124
209.5 -0.80944 -0.65444 -0.432538 0.0102561
211 -0.813178 -0.678965 -0.408722 0.0187949
212.5 -0.818414 -0.672171 -0.404668 0.0161453
214 -0.800067 -0.67307 -0.430734 0.00916187
215.5 -0.79687 -0.682417 -0.414163 0.013622
217 -0.792032 -0.680867 -0.417358 0.0117912
218.5 -0.788977 -0.660799 -0.420559 0.0114373
220 -0.793588 -0.661584 -0.424814 0.0106735
221.5 -0.784651 -0.63383 -0.442878 0.00844379
223 -0.780101 -0.615776 -0.445023 0.00688692
224.5 -0.786171 -0.621048 -0.454253 0.00832495
226 -0.780677 -0.620104 -0.436606 0.007881
227.5 -0.770434 -0.629644 -0.437766 0.00656553
229 -0.767173 -0.637304 -0.446809 0.00712376
230.5 -0.774193 -0.625495 -0.441387 0.0149658
232 -0.7547 -0.630673 -0.449206 0.00776536
233.5 -0.753042 -0.637808 -0.437255 0.00863361
235 -0.77626 -0.635029 -0.443141 0.00782341
236.5 -0.790743 -0.61885 -0.444821 0.00785232
238 -0.79831 -0.598862 -0.453557 0.00922281
239.5 -0.781234 -0.604221 -0.444042 0.0080054
241 -0.807469 -0.606526 -0.43752 0.0089409
242.5 -0.787962 -0.606152 -0.447958 0.00886
244 -0.809487 -0.623171 -0.436624 0.00697528
245.5 -0.83283 -0.613801 -0.447937 0.00655105
247 -0.82346 -0.625592 -0.438693 0.0103032
248.5 -0.817861 -0.64018 -0.444964 0.0100157
250 -0.817266 -0.631942 -0.443709 0.0129492
251.5 -0.813711 -0.641685 -0.438265 0.0146326
253 -0.799096 -0.64098 -0.434234 0.0130014
254.5 -0.819963 -0.670106 -0.428455 0.0161782
256 -0.825054 -0.676944 -0.439166 0.0156074
257.5 -0.811194 -0.654613 -0.433449 0.00914028
259 -0.818927 -0.658813 -0.43804 0.0131796
260.5 -0.808817 -0.657424 -0.436312 0.0208014
262 -0.826243 -0.640442 -0.440174 0.00945486
263.5 -0.820312 -0.640972 -0.453513 0.0108157
265 -0.807356 -0.644429 -0.444956 0.00620398
266.5 -0.797734 -0.627011 -0.448911 0.0081591
268 -0.816364 -0.630724 -0.440884 0.01075
269.5 -0.814271 -0.627078 -0.4484 0.00681962
271 -0.784434 -0.646705 -0.439835 0.00880405
272.5 -0.780482 -0.639764 -0.437496 0.00968593
274 -0.776074 -0.646785 -0.442184 0.00745867
275.5 -0.765907 -0.615905 -0.436915 0.0073329
277 -0.779639 -0.627874 -0.452759 0.0078569
278.5 -0.781772 -0.633789 -0.445086 0.00835375
280 -0.802846 -0.627342 -0.44613 0.00735212
281.5 -0.810458 -0.626393 -0.449594 0.00778109
283 -0.791565 -0.617582 -0.449263 0.00736342
284.5 -0.789082 -0.620068 -0.445943 0.00864681
286 -0.788485 -0.625224 -0.456303 0.00764683
287.5 -0.790289 -0.618573 -0.439624 0.00963952
289 -0.806801 -0.6263 -0.41734 0.0159366
290.5 -0.806748 -0.627053 -0.443909 0.0112707
292 -0.816911 -0.61713 -0.452989 0.00706118
293.5 -0.813207 -0.613232 -0.438979 0.00699037
295 -0.789324 -0.617606 -0.44596 0.00757596
296.5 -0.795287 -0.605401 -0.455166 0.00801862
298 -0.795513 -0.606817 -0.4466 0.00833415
299.5 -0.794106 -0.613725 -0.442358 0.0119808
301 -0.794287 -0.611384 -0.454724 0.00747018
302.5 -0.804434 -0.588475 -0.458434 0.00879832
304 -0.819578 -0.572915 -0.430763 0.0115406
305.5 -0.815024 -0.583479 -0.438942 0.0092023
307 -0.812634 -0.60159 -0.44237 0.0091017
308.5 -0.823845 -0.60105 -0.450051 0.00870421
310 -0.822127 -0.609155 -0.457841 0.00787018
311.5 -0.825544 -0.615378 -0.440923 0.0128494
313 -0.81664 -0.604751 -0.438713 0.0091753
314.5 -0.814692 -0.592738 -0.432798 0.00968859
316 -0.81237 -0.589788 -0.447381 0.00905725
317.5 -0.804172 -0.58739 -0.445767 0.00831975
319 -0.803839 -0.592572 -0.457703 0.00767007
320.5 -0.821194 -0.600668 -0.449522 0.0125234
322 -0.811077 -0.596099 -0.443469 0.0081818
323.5 -0.810267 -0.601986 -0.450436 0.00657446
325 -0.823767 -0.612388 -0.434107 0.00790266
326.5 -0.827741 -0.605651 -0.43989 0.00899455
328 -0.826508 -0.609772 -0.451537 0.00899801
329.5 -0.833705 -0.606727 -0.447077 0.00789868
331 -0.83934 -0.599993 -0.449222 0.00843965
332.5 -0.830108 -0.603099 -0.442782 0.00974757
334 -0.843569 -0.599417 -0.450174 0.00898845
335.5 -0.847584 -0.597157 -0.445541 0.00789374
337 -0.856707 -0.603028 -0.437279 0.0104671
338.5 -0.853739 -0.609617 -0.43039 0.00782257
340 -0.839254 -0.611756 -0.439889 0.0094869
341.5 -0.842868 -0.609058 -0.432064 0.014256
343 -0.852804 -0.60003 -0.431474 0.00876895
344.5 -0.849902 -0.592455 -0.438952 0.0103297
346 -0.838175 -0.580805 -0.437205 0.0109775
347.5 -0.834481 -0.568812 -0.426772 0.0112628
349 -0.845801 -0.573255 -0.443158 0.0108605
350.5 -0.853173 -0.572196 -0.426598 0.00982571
352 -0.847395 -0.579402 -0.434136 0.0108959
353.5 -0.835436 -0.582916 -0.41864 0.0108098
355 -0.856123 -0.585415 -0.420131 0.00990116
356.5 -0.84554 -0.576174 -0.427886 0.0145197
358 -0.835892 -0.589268 -0.449305 0.00835708
359.5 -0.829102 -0.574188 -0.434933 0.0101609
361 -0.824216 -0.570595 -0.430599 0.0116697
362.5 -0.821347 -0.567081 -0.420405 0.0120236
364 -0.8241 -0.581111 -0.441557 0.0107418
365.5 -0.847209 -0.579796 -0.42812 0.00917745
367 -0.84517 -0.580379 -0.435881 0.0109272
368.5 -0.830733 -0.58979 -0.434075 0.00853954
370 -0.832047 -0.596736 -0.442917 0.00762946
371.5 -0.841179 -0.58602 -0.436737 0.0109744
373 -0.839282 -0.594472 -0.44207 0.00791145
374.5 -0.829326 -0.593569 -0.443845 0.00916547
376 -0.831698 -0.599777 -0.431866 0.00901522
377.5 -0.828274 -0.611308 -0.449908 0.00693894
379 -0.816601 -0.606518 -0.441232 0.00781402
380.5 -0.814482 -0.608283 -0.451852 0.00632113
382 -0.819614 -0.615163 -0.462523 0.00755852
383.5 -0.8134 -0.625013 -0.454078 0.00828893
385 -0.810777 -0.631986 -0.450968 0.00768384
386.5 -0.805149 -0.629529 -0.447061 0.00727537
388 -0.807002 -0.632131 -0.436742 0.00982144
389.5 -0.804334 -0.63355 -0.44746 0.0106391
391 -0.810884 -0.628269 -0.437569 0.00685033
392.5 -0.803162 -0.638097 -0.438804 0.00817952
394 -0.804858 -0.630455 -0.449903 0.00858637
395.5 -0.806704 -0.628956 -0.45045 0.00605874
397 -0.812942 -0.633528 -0.45901 0.0118289
398.5 -0.802695 -0.632603 -0.453667 0.00758115
400 -0.802387 -0.624755 -0.4497 0.0101517
401.5 -0.800823 -0.63372 -0.451943 0.00796588
403 -0.806472 -0.631894 -0.444571 0.00934315
404.5 -0.800269 -0.635397 -0.444499 0.0104945
406 -0.812455 -0.633326 -0.447604 0.00891079
407.5 -0.817181 -0.6345 -0.44025 0.0109114
409 -0.818978 -0.639993 -0.449072 0.0102341
410.5 -0.813201 -0.640788 -0.447285 0.00764189
412 -0.826568 -0.645535 -0.464857 0.0113174
413.5 -0.835551 -0.644239 -0.450561 0.0135152
415 -0.824893 -0.639975 -0.431136 0.0132893
416.5 -0.828407 -0.647711 -0.433593 0.0121822
418 -0.829733 -0.658337 -0.41779 0.0118899
419.5 -0.831644 -0.65095 -0.446248 0.00794906
421 -0.826247 -0.643419 -0.453374 0.00677122
422.5 -0.822593 -0.633228 -0.44322 0.0105662
424 -0.817756 -0.625581 -0.450629 0.00712766
425.5 -0.820114 -0.626874 -0.440765 0.012782
427 -0.825015 -0.63712 -0.448685 0.00792416
428.5 -0.824321 -0.633976 -0.435235 0.0187451
430 -0.833707 -0.633402 -0.451061 0.00813522
431.5 -0.824616 -0.635622 -0.4411 0.00888725
433 -0.833688 -0.643766 -0.430754 0.0109226
434.5 -0.827609 -0.636252 -0.439702 0.0113154
436 -0.844361 -0.639738 -0.432964 0.0167911
437.5 -0.84544 -0.646879 -0.434446 0.00863461
439 -0.846892 -0.643168 -0.440885 0.0130134
440.5 -0.847225 -0.650922 -0.423713 0.0109344
442 -0.844631 -0.655951 -0.419836 0.0128738
443.5 -0.836389 -0.65826 -0.440636 0.0154681
445 -0.833583 -0.651445 -0.447897 0.00681673
446.5 -0.82579 -0.657413 -0.428226 0.0154311
448 -0.82481 -0.65226 -0.432467 0.00980896
449.5 -0.827927 -0.656285 -0.434396 0.0139272
451 -0.82333 -0.650616 -0.437628 0.0118133
452.5 -0.821062 -0.652993 -0.442326 0.0112133
454 -0.824897 -0.655221 -0.427831 0.0124569
455.5 -0.82556 -0.668861 -0.425781 0.0120673
457 -0.821885 -0.666147 -0.417719 0.0120555
458.5 -0.829118 -0.652208 -0.43919 0.0106309
460 -0.828774 -0.662002 -0.43751 0.0129331
461.5 -0.824133 -0.659802 -0.450679 0.00801503
463 -0.818588 -0.656397 -0.441126 0.00966629
464.5 -0.814725 -0.666857 -0.418665 0.0223774
466 -0.811235 -0.676133 -0.423105 0.0151705
467.5 -0.804528 -0.671035 -0.432662 0.0105188
469 -0.804547 -0.667139 -0.440974 0.0101777
470.5 -0.795649 -0.669621 -0.440807 0.00822256
472 -0.79136 -0.673571 -0.431569 0.00899843
473.5 -0.793915 -0.671267 -0.436286 0.0107721
475 -0.790896 -0.663789 -0.423369 0.0145672
476.5 -0.798067 -0.668898 -0.439581 0.00752977
478 -0.806106 -0.672161 -0.446117 0.0123534
479.5 -0.798995 -0.669337 -0.441454 0.0218139
481 -0.802349 -0.662668 -0.434394 0.0133129
482.5 -0.795643 -0.656963 -0.43686 0.0092493
484 -0.79767 -0.656598 -0.452123 0.0119763
485.5 -0.794954 -0.656328 -0.417985 0.0232941
487 -0.798392 -0.658791 -0.439538 0.00925315
488.5 -0.805735 -0.651612 -0.44754 0.01048
490 -0.808906 -0.659411 -0.445712 0.00705091
491.5 -0.80197 -0.664731 -0.445469 0.0100591
493 -0.802706 -0.663967 -0.435993 0.0107632
494.5 -0.803175 -0.667083 -0.436993 0.0107737
496 -0.788069 -0.654434 -0.446346 0.0102858
497.5 -0.793029 -0.654652 -0.444099 0.014756
499 -0.791301 -0.65448 -0.449707 0.00836267
