1 0.805562 0.86529 -0.153757 0.0454395
2.5 0.342918 1.03079 -0.262757 0.023832
4 -0.144866 0.990092 -0.309988 0.0170547
5.5 -0.261663 0.9827 -0.270381 0.0222734
7 -0.228744 0.897646 -0.228836 0.0177545
8.5 -0.0251931 1.02021 -0.261479 0.0199622
10 0.198018 0.803546 -0.141707 0.021667
11.5 0.226776 0.858691 -0.245971 0.0196335
13 0.448057 1.08076 -0.104082 0.0409527
14.5 0.43466 0.672424 -0.150911 0.0220228
16 0.377042 0.783682 -0.225993 0.0210591
17.5 0.387064 0.881378 -0.274021 0.0156481
19 0.424294 0.975549 -0.168657 0.0499238
20.5 0.317554 0.879652 -0.255251 0.0191486
22 0.329752 0.874067 -0.269567 0.0289605
23.5 0.412044 0.973183 -0.268166 0.0239784
25 0.428294 0.848186 -0.261939 0.019519
26.5 0.478223 0.871188 -0.305936 0.0203772
28 0.64495 0.642756 -0.368112 0.010149
29.5 0.856649 0.635495 -0.427908 0.012944
31 0.847607 0.662819 -0.4104 0.0194449
32.5 0.760596 0.538296 -0.393594 0.0144324
34 0.862993 0.577115 -0.414434 0.0112619
35.5 0.719641 0.818683 -0.297587 0.027309
37 0.712674 0.570506 -0.403971 0.0161161
38.5 0.747567 0.679162 -0.405923 0.012804
40 0.663186 0.713036 -0.356701 0.0122919
41.5 0.593691 0.837738 -0.323444 0.0270074
43 0.526299 0.739652 -0.278121 0.0149284
44.5 0.744269 0.738347 -0.391553 0.0160958
46 0.717347 0.815397 -0.321134 0.0233152
47.5 0.894206 0.691597 -0.36925 0.0238881
49 0.843379 0.651263 -0.44514 0.00826245
50.5 0.767801 0.532834 -0.380822 0.0235001
52 0.86626 0.598572 -0.43023 0.0121872
53.5 0.74233 0.732284 -0.374315 0.0237733
55 0.818471 0.582696 -0.429872 0.00911878
56.5 0.859479 0.605195 -0.432354 0.00797071
58 0.815822 0.732124 -0.363985 0.0170144
59.5 0.804719 0.683918 -0.440306 0.0142062
61 0.839846 0.625786 -0.442258 0.00957242
62.5 0.641453 0.918729 -0.228548 0.0269483
64 0.785344 0.731399 -0.372876 0.0205275
65.5 0.728355 0.804691 -0.336166 0.0177006
67 0.825091 0.607532 -0.435152 0.00826749
68.5 0.737992 0.603741 -0.433842 0.00774978
70 0.844501 0.603155 -0.432472 0.0105227
71.5 0.765849 0.574676 -0.428398 0.013679
73 0.780905 0.592886 -0.44834 0.0143575
74.5 0.832179 0.603615 -0.426325 0.0103936
76 0.66946 0.70314 -0.380701 0.0147522
77.5 0.832842 0.608988 -0.446274 0.0102462
79 0.840001 0.657063 -0.441923 0.0106437
80.5 0.865145 0.707144 -0.380537 0.0145229
82 0.793917 0.617286 -0.457955 0.00745193
83.5 0.809952 0.63198 -0.443357 0.00857985
85 0.875194 0.612907 -0.412766 0.0119298
86.5 0.853358 0.606683 -0.42472 0.0137531
88 0.792796 0.647166 -0.436893 0.00814657
89.5 0.673932 0.759848 -0.361128 0.022929
91 0.878708 0.602617 -0.437883 0.00727356
92.5 0.696329 0.628407 -0.398428 0.0152073
94 0.773394 0.565476 -0.418106 0.0118549
95.5 0.725486 0.697628 -0.392528 0.014914
97 0.821868 0.65636 -0.440324 0.00722731
98.5 0.999085 0.609319 -0.277509 0.0152447
100 0.881385 0.647499 -0.409067 0.0136572
101.5 0.727617 0.60061 -0.425383 0.00851562
103 0.754588 0.633772 -0.439321 0.00919995
104.5 0.829928 0.662343 -0.414609 0.0144715
106 0.744786 0.572335 -0.402541 0.00950032
107.5 0.804861 0.59781 -0.437359 0.00813409
109 0.81338 0.674261 -0.439927 0.011008
110.5 0.765881 0.642135 -0.440792 0.00834814
112 0.767528 0.53121 -0.414706 0.022681
113.5 0.808942 0.619937 -0.441825 0.00728942
115 0.781709 0.613465 -0.452993 0.0096082
116.5 0.854021 0.559647 -0.423508 0.0122881
118 0.789052 0.565124 -0.416333 0.011747
119.5 0.829506 0.610097 -0.440141 0.009565
121 0.820118 0.661188 -0.442921 0.00778992
122.5 0.826271 0.638955 -0.438424 0.00996716
124 0.821279 0.665519 -0.428705 0.0158705
125.5 0.676653 0.699524 -0.382628 0.0105823
127 0.761947 0.613738 -0.445943 0.00778977
128.5 0.863061 0.634878 -0.44148 0.0104962
130 0.884778 0.608659 -0.441296 0.00856591
131.5 0.702727 0.566918 -0.38156 0.0102192
133 0.879092 0.583805 -0.412137 0.00927273
134.5 0.786863 0.676592 -0.410109 0.0131019
136 0.800951 0.597203 -0.446129 0.00722316
137.5 0.807684 0.614428 -0.44837 0.00967464
139 0.835556 0.705804 -0.398686 0.0127922
140.5 0.903957 0.618645 -0.407841 0.0109438
142 0.708767 0.696003 -0.37403 0.0256486
143.5 0.856509 0.595098 -0.438689 0.00910362
145 0.747995 0.614291 -0.436589 0.00732084
146.5 0.780445 0.54844 -0.411389 0.0135446
148 0.740999 0.652732 -0.415364 0.00920637
149.5 0.85599 0.538916 -0.390228 0.0156386
151 0.803626 0.638277 -0.438739 0.0114858
152.5 0.666427 0.671186 -0.378134 0.0118238
154 0.746076 0.594298 -0.432531 0.0095743
155.5 0.788111 0.565208 -0.4202 0.0135216
157 0.831373 0.636887 -0.448454 0.0258428
158.5 0.833939 0.605739 -0.446719 0.00728948
160 0.808456 0.535151 -0.36891 0.0175715
161.5 0.745198 0.609788 -0.438284 0.00969908
163 0.765312 0.602289 -0.449097 0.00832448
164.5 0.871302 0.690523 -0.414345 0.0127409
166 0.804046 0.602495 -0.446436 0.0097045
167.5 0.86951 0.562353 -0.390955 0.0129596
169 0.92234 0.618325 -0.336004 0.0187651
170.5 0.776483 0.693942 -0.408498 0.0112263
172 0.807853 0.60445 -0.446119 0.00774207
173.5 0.762068 0.597811 -0.448298 0.0090494
175 0.65908 0.724391 -0.35392 0.0156513
176.5 0.784168 0.581227 -0.431767 0.0096117
178 0.833994 0.579235 -0.43498 0.0153469
179.5 0.736054 0.569871 -0.439437 0.0118478
181 0.77293 0.650714 -0.440306 0.0119209
182.5 0.808329 0.601965 -0.452145 0.0066571
184 0.839016 0.669842 -0.438659 0.00805829
185.5 0.797833 0.619102 -0.460182 0.00637206
187 0.7618 0.622479 -0.445141 0.00885804
188.5 0.883977 0.595466 -0.415419 0.0138551
190 0.757323 0.631857 -0.439822 0.00683511
191.5 0.671264 0.507987 -0.300365 0.0299286
193 0.764492 0.607964 -0.450456 0.00745901
194.5 0.730177 0.586972 -0.431488 0.0088434
196 0.848996 0.692031 -0.37714 0.0201952
197.5 0.74368 0.581931 -0.438057 0.00752758
199 0.765702 0.611741 -0.447007 0.00657362
200.5 0.582868 0.739451 -0.335091 0.0138357
202 0.666992 0.790107 -0.349768 0.0175124
203.5 0.680141 0.726987 -0.359907 0.0188567
205 0.762705 0.688179 -0.432842 0.0100552
206.5 0.851029 0.625944 -0.439563 0.00800861
208 0.862918 0.602766 -0.424156 0.0146575
209.5 0.829651 0.618811 -0.428428 0.0103874
211 0.819174 0.616224 -0.431757 0.00996148
212.5 0.773708 0.616908 -0.443029 0.00866339
214 0.853349 0.598387 -0.430042 0.00932812
215.5 0.76556 0.609124 -0.426801 0.014282
217 0.958371 0.589012 -0.34216 0.0149802
218.5 0.814776 0.554975 -0.401848 0.0138486
220 0.803271 0.59207 -0.436711 0.00843075
221.5 0.832316 0.658797 -0.446538 0.0103878
223 0.771264 0.641307 -0.447537 0.00920532
224.5 0.740842 0.644861 -0.438066 0.00885423
226 0.817499 0.587874 -0.445191 0.00941229
227.5 0.857699 0.663857 -0.434513 0.0107451
229 0.846876 0.571102 -0.397105 0.0133548
230.5 0.760442 0.669227 -0.4183 0.010617
232 0.72323 0.622126 -0.423425 0.00856187
233.5 0.773306 0.799299 -0.309788 0.0329282
235 0.683214 0.692895 -0.393506 0.00961668
236.5 0.852139 0.628721 -0.434055 0.00805563
238 0.69207 0.650027 -0.407868 0.0140913
239.5 0.865125 0.652909 -0.430947 0.00890175
241 0.756307 0.62933 -0.425925 0.00698875
242.5 0.837204 0.584865 -0.391682 0.0140904
244 0.793519 0.668365 -0.42913 0.0141515
245.5 0.769944 0.62884 -0.433157 0.00833726
247 0.656343 0.598328 -0.387299 0.0112565
248.5 0.806879 0.601156 -0.442339 0.00754339
250 0.78055 0.600536 -0.457149 0.0100007
251.5 0.77999 0.621125 -0.452978 0.00660641
253 0.81942 0.595496 -0.442021 0.0138193
254.5 0.820747 0.591786 -0.438084 0.0137183
256 0.733051 0.641319 -0.437109 0.0183272
257.5 0.673641 0.622515 -0.395527 0.0109738
259 0.707769 0.623042 -0.424322 0.00812551
260.5 0.850978 0.606803 -0.424754 0.0148619
262 0.825549 0.631603 -0.449674 0.0078108
263.5 0.6787 0.789899 -0.31864 0.0297766
265 0.792574 0.611334 -0.447735 0.0123569
266.5 0.825911 0.595131 -0.444093 0.0108311
268 0.796306 0.668534 -0.424414 0.019187
269.5 0.78381 0.619603 -0.448098 0.00931302
271 0.782515 0.620201 -0.443824 0.00784333
272.5 0.818129 0.620411 -0.449629 0.00874273
274 0.825362 0.62211 -0.438508 0.0094594
275.5 0.764022 0.62045 -0.431643 0.00848498
277 0.785999 0.576021 -0.41172 0.0117207
278.5 0.768405 0.605229 -0.448957 0.00649612
280 0.81309 0.618235 -0.447644 0.00854348
281.5 0.809774 0.595292 -0.450521 0.0170796
283 0.756892 0.65072 -0.434839 0.00780712
284.5 0.70395 0.75306 -0.343207 0.0148026
286 0.782104 0.585734 -0.439955 0.014886
287.5 0.763812 0.644395 -0.439237 0.0102983
289 0.881023 0.607549 -0.419229 0.0102251
290.5 0.828422 0.575878 -0.432851 0.0114301
292 0.823142 0.642698 -0.44297 0.00992297
293.5 0.859468 0.641528 -0.447402 0.00724465
295 0.852577 0.621958 -0.437724 0.00794957
296.5 0.781353 0.602425 -0.457985 0.00750474
298 0.813239 0.626773 -0.443738 0.0089793
299.5 0.71956 0.538846 -0.393621 0.0162381
301 0.821562 0.663489 -0.413975 0.0127887
302.5 0.836926 0.6602 -0.456192 0.00754358
304 0.734594 0.621515 -0.434731 0.00765582
305.5 0.885292 0.626033 -0.425336 0.00925239
307 0.818324 0.617081 -0.446331 0.0096371
308.5 0.906855 0.598998 -0.401725 0.0111252
310 0.820115 0.715769 -0.392296 0.0152467
311.5 0.784827 0.57314 -0.433026 0.0149075
313 0.830849 0.646928 -0.431585 0.0133877
314.5 0.783648 0.592557 -0.443145 0.00796599
316 0.872845 0.715102 -0.35511 0.0213749
317.5 0.742537 0.575346 -0.423688 0.00924343
319 0.768335 0.616857 -0.445447 0.00944072
320.5 0.859697 0.605971 -0.419134 0.0109862
322 0.808196 0.573178 -0.413899 0.0129592
323.5 0.718254 0.576189 -0.421204 0.0108696
325 0.882385 0.630145 -0.42909 0.0104989
326.5 0.896567 0.616754 -0.405474 0.0141119
328 0.797835 0.613258 -0.44412 0.00712707
329.5 0.798001 0.585858 -0.439403 0.0100621
331 0.75212 0.668065 -0.432196 0.0175481
332.5 0.813139 0.598483 -0.44522 0.00864344
334 0.75217 0.625297 -0.445452 0.00706278
335.5 0.785837 0.61691 -0.436977 0.00792365
337 0.823794 0.656834 -0.442873 0.00877397
338.5 0.777289 0.607666 -0.444203 0.00818912
340 0.809553 0.673341 -0.426983 0.00976529
341.5 0.718455 0.676726 -0.404448 0.0123782
343 0.830182 0.568239 -0.428829 0.0128099
344.5 0.860561 0.599015 -0.433933 0.00990077
346 0.745146 0.625752 -0.431813 0.00825557
347.5 0.85713 0.635207 -0.440846 0.0139037
349 0.844819 0.621715 -0.437962 0.0113545
350.5 0.88316 0.682304 -0.369935 0.0189002
352 0.768991 0.665765 -0.410595 0.0166138
353.5 0.792761 0.687035 -0.42988 0.026396
355 0.769217 0.646172 -0.439719 0.0163406
356.5 0.853052 0.636515 -0.446716 0.0207255
358 0.860732 0.581518 -0.424188 0.0103126
359.5 0.74596 0.604165 -0.434146 0.00839694
361 0.727359 0.622923 -0.421783 0.0109075
362.5 0.737229 0.642591 -0.422018 0.00930289
364 0.782742 0.620209 -0.425791 0.00786811
365.5 0.818487 0.61843 -0.459312 0.0068597
367 0.821916 0.615041 -0.437738 0.00906221
368.5 0.808763 0.579801 -0.44566 0.0142497
370 0.793906 0.684327 -0.409749 0.0175426
371.5 0.764502 0.601663 -0.417206 0.0106061
373 0.859357 0.556654 -0.393715 0.0168015
374.5 0.773071 0.659241 -0.417876 0.0125252
376 0.860917 0.653806 -0.425609 0.0143209
377.5 0.668241 0.696117 -0.386936 0.0169682
379 0.770963 0.680543 -0.416419 0.0169203
380.5 0.737314 0.577784 -0.405435 0.015107
382 0.896902 0.549891 -0.409352 0.0144561
383.5 0.872491 0.606895 -0.415455 0.011679
385 0.758249 0.593783 -0.438232 0.00894434
386.5 0.753636 0.586599 -0.423943 0.00889015
388 0.813665 0.632801 -0.433305 0.00792764
389.5 0.729516 0.647753 -0.42277 0.00668548
391 0.955292 0.548727 -0.310754 0.0118799
392.5 0.772523 0.607996 -0.446357 0.00571619
394 0.779804 0.632771 -0.450446 0.00722991
395.5 0.820893 0.629931 -0.454268 0.00796617
397 0.828037 0.555042 -0.406254 0.0152097
398.5 0.809156 0.631525 -0.454423 0.0062966
400 0.781282 0.683604 -0.442694 0.0122134
401.5 0.765158 0.624805 -0.445227 0.00797445
403 0.793744 0.593923 -0.436132 0.0085534
404.5 0.801111 0.607628 -0.44554 0.0071375
406 0.822484 0.666663 -0.425806 0.00994815
407.5 0.766676 0.604883 -0.446212 0.00640256
409 0.792233 0.637371 -0.445179 0.0146656
410.5 0.853921 0.626775 -0.43318 0.0154734
412 0.838848 0.665745 -0.427172 0.0125097
413.5 0.861728 0.650473 -0.408218 0.0115622
415 0.783189 0.640135 -0.448646 0.00904894
416.5 0.796184 0.644496 -0.444528 0.00799539
418 0.847231 0.650126 -0.442694 0.00834368
419.5 0.789536 0.658359 -0.425402 0.0175004
421 0.817998 0.601809 -0.456491 0.0103934
422.5 0.834325 0.626581 -0.447525 0.0101443
424 0.799911 0.598477 -0.453432 0.00722528
425.5 0.773333 0.6401 -0.449758 0.00710212
427 0.946682 0.606323 -0.373769 0.0137483
428.5 0.785383 0.614562 -0.441827 0.00995732
430 0.8126 0.624635 -0.468847 0.00729602
431.5 0.765537 0.510671 -0.354485 0.0225368
433 0.756617 0.549134 -0.371628 0.0180095
434.5 0.771581 0.7432 -0.371539 0.0213415
436 0.881035 0.592099 -0.425656 0.0105824
437.5 0.901761 0.696562 -0.376522 0.0325668
439 0.78708 0.598718 -0.435445 0.0123453
440.5 0.795822 0.593758 -0.454529 0.0116247
442 0.748803 0.70782 -0.386929 0.015053
443.5 0.754418 0.632669 -0.445878 0.00907736
445 0.86898 0.614818 -0.436529 0.00989371
446.5 0.73315 0.607662 -0.434789 0.00810962
448 0.753537 0.571509 -0.422873 0.0115288
449.5 0.782476 0.669703 -0.440315 0.00728127
451 0.78197 0.593415 -0.457441 0.00766337
452.5 0.804151 0.698827 -0.424402 0.0105993
454 0.82705 0.65395 -0.45458 0.00818383
455.5 0.785736 0.568861 -0.442556 0.0149251
457 0.773984 0.603193 -0.443287 0.0115741
458.5 0.781267 0.60796 -0.461335 0.00779653
460 0.828899 0.562034 -0.417842 0.0117862
461.5 0.810706 0.627997 -0.446842 0.0101208
463 0.822129 0.632066 -0.452066 0.00706067
464.5 0.805647 0.615774 -0.446054 0.00768185
466 0.838972 0.613967 -0.429778 0.00951086
467.5 0.806103 0.595675 -0.42613 0.00881824
469 0.765236 0.601818 -0.432364 0.01098
470.5 0.79377 0.624467 -0.447124 0.00743624
472 0.801598 0.627959 -0.446962 0.00938413
473.5 0.854974 0.613666 -0.442955 0.00874806
475 0.813437 0.632504 -0.449554 0.0143063
476.5 0.750314 0.638624 -0.445978 0.00860394
478 0.760218 0.594055 -0.41954 0.00830836
479.5 0.762614 0.634973 -0.443184 0.00750773
481 0.795463 0.580581 -0.43207 0.00862982
482.5 0.795904 0.585894 -0.450169 0.00807495
484 0.777826 0.592885 -0.425598 0.00921636
485.5 0.704731 0.658739 -0.421588 0.00854054
487 0.835284 0.604049 -0.445599 0.00820905
488.5 0.799502 0.634705 -0.452661 0.00680417
490 0.739333 0.607597 -0.428648 0.00796724
491.5 0.858113 0.55938 -0.401415 0.0122963
493 0.728464 0.594277 -0.423488 0.00913347
494.5 0.839111 0.651836 -0.440792 0.00739736
496 0.813237 0.657811 -0.436188 0.0135059
497.5 0.84781 0.580511 -0.409864 0.0170209
499 0.800343 0.628822 -0.440505 0.00793521
