1 1.00149 0.995919 0.587026 0.101952
2.5 1.00764 0.999426 0.552711 0.0793151
4 1.01215 1.00511 0.754788 0.139963
5.5 1.00927 1.00225 0.724669 0.108748
7 1.0127 1.00006 0.779429 0.115969
8.5 1.01119 1.00302 0.478604 0.106452
10 1.00758 1.00243 0.528751 0.0841293
11.5 1.0022 1.0032 0.681449 0.146328
13 0.999002 1.002 0.754964 0.10873
14.5 0.999128 0.997264 0.71857 0.123331
16 0.999604 0.995232 0.572584 0.110071
17.5 0.994737 0.994696 0.725726 0.105576
19 0.99215 0.996171 0.656512 0.117378
20.5 0.994659 0.996634 0.616085 0.101469
22 0.99503 1.0001 0.67576 0.104379
23.5 0.996797 1.00124 0.472778 0.0872291
25 0.996559 1.00148 0.519117 0.0884853
26.5 0.991298 1.00358 0.685434 0.122768
28 0.989514 1.00491 0.662874 0.0982331
29.5 0.987591 1.0078 0.741249 0.10706
31 0.99085 1.00754 0.676557 0.150815
32.5 0.990281 1.00919 0.62932 0.0960172
34 0.991562 1.00809 0.538504 0.126284
35.5 0.988851 1.00681 0.659323 0.104793
37 0.992598 1.00424 0.613414 0.088362
38.5 0.993459 0.999543 0.722549 0.0973471
40 0.989544 1.00368 0.545699 0.117606
41.5 0.98513 1.0069 0.649856 0.114235
43 0.977765 1.00875 0.707622 0.123792
44.5 0.978129 1.00494 0.597693 0.0920322
46 0.981002 1.00502 0.477491 0.0764667
47.5 0.976501 1.00556 0.467198 0.0888074
49 0.975404 1.0089 0.556255 0.10803
50.5 0.973262 1.00861 0.540741 0.148887
52 0.970057 1.00811 0.535096 0.0935894
53.5 0.969277 1.00464 0.442345 0.0735742
55 0.966337 1.00439 0.458665 0.088949
56.5 0.959115 1.00697 0.525923 0.117369
58 0.958389 1.0086 0.606049 0.123727
59.5 0.961019 1.00652 0.585372 0.0937191
61 0.963939 0.999224 0.535497 0.103864
62.5 0.965702 0.998485 0.459622 0.089701
64 0.963031 0.998681 0.479937 0.0956523
65.5 0.964577 0.995434 0.319643 0.0804148
67 0.965289 0.997737 0.430693 0.0795762
68.5 0.961709 0.997437 0.485899 0.0919991
70 0.959412 0.995703 0.526291 0.0971228
71.5 0.960596 0.991903 0.448977 0.0904527
73 0.958414 0.986338 0.442488 0.111476
74.5 0.958962 0.989394 0.571519 0.112695
76 0.955286 0.992479 0.517461 0.0957606
77.5 0.958372 0.991912 0.360261 0.0839799
79 0.957078 0.992866 0.501988 0.0990527
80.5 0.961555 0.990588 0.468158 0.104153
82 0.956255 0.992253 0.45237 0.138479
83.5 0.953193 0.991762 0.466181 0.0983486
85 0.953409 0.989446 0.43551 0.0925305
86.5 0.949348 0.988738 0.357438 0.0674546
88 0.946929 0.991602 0.564217 0.0909612
89.5 0.945243 0.98724 0.550816 0.122803
91 0.943629 0.983965 0.524519 0.0995123
92.5 0.940476 0.983739 0.455972 0.151522
94 0.937516 0.98702 0.376279 0.0882541
95.5 0.933359 0.986448 0.399432 0.0744869
97 0.931304 0.988264 0.269419 0.0688048
98.5 0.926945 0.990303 0.38498 0.106023
100 0.929288 0.993337 0.407156 0.0898912
101.5 0.929322 0.992631 0.407121 0.0852535
103 0.930661 0.988538 0.316502 0.106385
104.5 0.933274 0.985265 0.451948 0.102747
106 0.933653 0.983285 0.525717 0.0976428
107.5 0.93199 0.983792 0.324698 0.079437
109 0.931142 0.985599 0.273727 0.0638986
110.5 0.929157 0.98616 0.435453 0.116439
112 0.927738 0.988786 0.282151 0.0897792
113.5 0.931797 0.983254 0.250313 0.0859725
115 0.930068 0.982644 0.289588 0.0781838
116.5 0.931335 0.982447 0.408354 0.10469
118 0.932651 0.982125 0.503433 0.114904
119.5 0.931748 0.979981 0.387433 0.0754085
121 0.928862 0.977744 0.216036 0.0595128
122.5 0.929587 0.979222 0.32079 0.0761507
124 0.930654 0.976569 0.295915 0.0696054
125.5 0.934104 0.970661 0.448621 0.126789
127 0.931848 0.967317 0.389299 0.0894695
128.5 0.926806 0.9672 0.245238 0.107129
130 0.928098 0.967859 0.271921 0.062687
131.5 0.928711 0.964948 0.27156 0.0863559
133 0.930074 0.966411 0.249318 0.0788176
134.5 0.935216 0.96155 0.318439 0.0804556
136 0.937568 0.96118 0.2415 0.0683942
137.5 0.940852 0.958711 0.305294 0.0694863
139 0.9342 0.958795 0.173022 0.0628312
140.5 0.934686 0.963727 0.301754 0.089767
142 0.936092 0.966041 0.334927 0.0574859
143.5 0.931657 0.971784 0.289837 0.0745335
145 0.929087 0.968698 0.167112 0.0874245
146.5 0.925368 0.968497 0.445324 0.0967272
148 0.928933 0.971294 0.332298 0.0771418
149.5 0.922689 0.971853 0.26131 0.065482
151 0.916664 0.970489 0.226717 0.0672812
152.5 0.917594 0.972005 0.257281 0.0825982
154 0.918879 0.974714 0.302767 0.111215
155.5 0.921402 0.970461 0.250192 0.0758615
157 0.921754 0.971548 0.350026 0.0876908
158.5 0.920079 0.972918 0.182052 0.0721145
160 0.920775 0.975778 0.284122 0.0560913
161.5 0.922928 0.975677 0.298694 0.0890182
163 0.921073 0.97753 0.308398 0.0718528
164.5 0.922223 0.977323 0.330219 0.0838103
166 0.919099 0.974745 0.310785 0.0949463
167.5 0.91982 0.970734 0.426407 0.100785
169 0.921902 0.974608 0.306299 0.0982913
170.5 0.921701 0.977328 0.34236 0.0816896
172 0.91955 0.975625 0.370723 0.0940048
173.5 0.923044 0.974019 0.386446 0.0746182
175 0.921624 0.974493 0.321667 0.0785277
176.5 0.918934 0.978439 0.22193 0.073079
178 0.916092 0.980841 0.316208 0.100309
179.5 0.919268 0.979529 0.312927 0.0669648
181 0.92055 0.982087 0.27056 0.0801979
182.5 0.917306 0.979967 0.277021 0.0820253
184 0.915273 0.978052 0.284088 0.0767711
185.5 0.918066 0.982371 0.488267 0.0987758
187 0.922094 0.980636 0.314184 0.0803351
188.5 0.921472 0.977659 0.224858 0.0664567
190 0.920698 0.978574 0.366626 0.0971314
191.5 0.917997 0.975457 0.441937 0.136367
193 0.915597 0.974749 0.35511 0.0733384
194.5 0.913632 0.975827 0.239479 0.061711
196 0.914681 0.975334 0.298984 0.0712538
197.5 0.919438 0.972461 0.2181 0.0672349
199 0.920959 0.967634 0.186512 0.0900414
200.5 0.918365 0.966841 0.375325 0.143927
202 0.919617 0.963668 0.225472 0.0782732
203.5 0.921448 0.961716 0.337303 0.10663
205 0.920164 0.959534 0.28957 0.0655016
206.5 0.920193 0.956343 0.253218 0.068068
208 0.916474 0.952964 0.190857 0.0962059
209.5 0.91296 0.956804 0.266698 0.093685
211 0.919194 0.957886 0.207163 0.0735191
212.5 0.91799 0.955766 0.273437 0.0700111
214 0.918029 0.957379 0.331186 0.0932382
215.5 0.919284 0.957218 0.24971 0.0664302
217 0.914466 0.958294 0.204722 0.082487
218.5 0.917795 0.956889 0.214097 0.0930588
220 0.916949 0.956887 0.261847 0.068237
221.5 0.913055 0.9604 0.154977 0.0912899
223 0.90814 0.962608 0.177356 0.0754963
224.5 0.909875 0.960938 0.233843 0.0624635
226 0.910872 0.968588 0.290124 0.0670358
227.5 0.909569 0.967447 0.332729 0.0938564
229 0.908552 0.960464 0.321814 0.102402
230.5 0.911652 0.957404 0.176165 0.0621764
232 0.912442 0.956029 0.163554 0.0629571
233.5 0.910947 0.956561 0.117757 0.0761462
235 0.910714 0.961155 0.173846 0.0793389
236.5 0.910397 0.961446 0.181425 0.0806961
238 0.908733 0.960369 0.202262 0.0826795
239.5 0.907921 0.956456 0.19391 0.0635017
241 0.9066 0.952493 0.202658 0.10117
242.5 0.900842 0.954675 0.114075 0.0734624
244 0.900232 0.955682 0.250316 0.0967135
245.5 0.900384 0.960375 0.156171 0.0550538
247 0.899375 0.96116 0.205592 0.0918795
248.5 0.904188 0.965103 0.259682 0.100293
250 0.904663 0.964348 0.135917 0.0940557
251.5 0.906357 0.963775 0.237887 0.0884973
253 0.907747 0.963495 0.296827 0.109283
254.5 0.9074 0.96211 0.17627 0.0822012
256 0.911346 0.965733 0.145884 0.105925
257.5 0.913409 0.967022 0.279514 0.0748203
259 0.913334 0.965879 0.243137 0.073303
260.5 0.914262 0.964017 0.165042 0.0724165
262 0.918841 0.956848 0.310755 0.0665975
263.5 0.914548 0.955115 0.273405 0.108555
265 0.913184 0.955556 0.207144 0.0678834
266.5 0.910157 0.950621 0.128271 0.0842453
268 0.909415 0.953323 0.142788 0.0667396
269.5 0.911474 0.953332 0.249355 0.0816926
271 0.913187 0.954128 0.332865 0.088155
272.5 0.916082 0.952223 0.226835 0.071856
274 0.91454 0.950344 0.0898551 0.072215
275.5 0.916163 0.948614 0.245529 0.0874304
277 0.916146 0.947125 0.308559 0.0874963
278.5 0.911363 0.94201 0.228188 0.0718094
280 0.910011 0.938812 0.0960835 0.0556899
281.5 0.91079 0.937546 0.0916525 0.0522307
283 0.909899 0.938647 0.0912942 0.0694721
284.5 0.911981 0.93958 0.109725 0.0657372
286 0.912561 0.939426 0.138947 0.0985665
287.5 0.915916 0.935719 0.0673555 0.0757521
289 0.912505 0.932739 0.048252 0.0498727
290.5 0.910814 0.937648 0.131433 0.0674781
292 0.915189 0.937141 0.134162 0.063938
293.5 0.917341 0.942401 0.194664 0.065556
295 0.915296 0.940927 0.289486 0.0655784
296.5 0.915025 0.938746 0.116274 0.0674932
298 0.916449 0.938386 0.122082 0.0911934
299.5 0.914128 0.935817 0.156314 0.06094
301 0.916751 0.933419 0.113154 0.0679
302.5 0.915537 0.931729 0.155686 0.0707155
304 0.913371 0.930888 0.233495 0.0637364
305.5 0.910755 0.930827 0.156001 0.101256
307 0.910433 0.934227 0.0733156 0.0544323
308.5 0.907311 0.93141 0.141055 0.0658949
310 0.909932 0.931045 0.0712908 0.0453875
311.5 0.907619 0.930221 0.0836576 0.0601954
313 0.910731 0.933558 0.0767593 0.0649392
314.5 0.914029 0.929255 0.130976 0.0806276
316 0.914821 0.925205 0.151547 0.0681205
317.5 0.912285 0.925843 0.0547873 0.0573554
319 0.913018 0.92545 0.213742 0.0819513
320.5 0.912999 0.92588 0.0896941 0.0587474
322 0.911514 0.929079 0.14387 0.0764098
323.5 0.912346 0.92489 0.133324 0.0520388
325 0.913895 0.92405 0.0978364 0.0588924
326.5 0.912123 0.925464 0.0925346 0.0880115
328 0.909164 0.927856 0.249735 0.0918448
329.5 0.905412 0.927648 0.216797 0.085384
331 0.906822 0.928298 0.067319 0.0702444
332.5 0.905794 0.928854 -0.0176885 0.0541525
334 0.910269 0.925045 0.180383 0.0860161
335.5 0.906821 0.926351 0.0340183 0.0726656
337 0.906848 0.92818 0.112135 0.0562204
338.5 0.90622 0.931253 0.0599809 0.0563321
340 0.90766 0.933227 0.110897 0.0669253
341.5 0.903518 0.932443 0.0872065 0.059572
343 0.904182 0.931663 0.0645104 0.0706387
344.5 0.903329 0.931559 0.156595 0.0772065
346 0.903201 0.932441 0.0923792 0.0539407
347.5 0.90457 0.929943 0.194855 0.0627279
349 0.904544 0.928678 0.195674 0.112005
350.5 0.906727 0.931565 0.159493 0.0662686
352 0.906213 0.934394 0.0750107 0.093001
353.5 0.905674 0.93554 0.0243007 0.0540918
355 0.906648 0.931034 0.109417 0.0782249
356.5 0.907926 0.929275 0.142419 0.070453
358 0.905035 0.93015 0.108304 0.0862758
359.5 0.901625 0.933919 0.115384 0.0634081
361 0.904579 0.93525 0.152161 0.0724058
362.5 0.906952 0.935742 0.0952142 0.0648588
364 0.905438 0.934019 0.0891098 0.0488261
365.5 0.904146 0.936317 0.136746 0.0577669
367 0.906219 0.937781 0.0289969 0.0722139
368.5 0.909386 0.938623 0.217913 0.0818999
370 0.909495 0.939094 0.121246 0.0580897
371.5 0.909267 0.942461 0.0920608 0.06116
373 0.911976 0.943577 0.20647 0.101007
374.5 0.913387 0.943347 0.164695 0.0623754
376 0.914258 0.942344 0.171058 0.0727907
377.5 0.919174 0.938514 0.198402 0.0683147
379 0.921512 0.938414 0.0941681 0.0631557
380.5 0.9199 0.938531 0.26113 0.084431
382 0.91915 0.935169 0.204396 0.0777787
383.5 0.922425 0.934768 0.165172 0.0687376
385 0.92186 0.933665 0.209285 0.0746235
386.5 0.928694 0.931113 0.113846 0.0892041
388 0.92633 0.933454 0.18382 0.0914042
389.5 0.922716 0.932585 0.174937 0.0721585
391 0.919529 0.931836 0.177485 0.11254
392.5 0.918535 0.935098 0.207812 0.0596207
394 0.913938 0.934958 0.136851 0.0722042
395.5 0.915972 0.935304 0.102375 0.0565579
397 0.915159 0.932623 0.107984 0.0548185
398.5 0.916056 0.930507 0.17314 0.0640651
400 0.912604 0.933743 0.0906233 0.0825329
401.5 0.912449 0.931798 0.0958064 0.0802796
403 0.911724 0.926219 0.127787 0.0699095
404.5 0.911826 0.925653 0.116018 0.0799473
406 0.915133 0.925943 0.092132 0.0462765
407.5 0.914924 0.926428 0.0820198 0.0860092
409 0.91025 0.931588 -0.00687718 0.0550174
410.5 0.912665 0.934673 0.0486899 0.0744607
412 0.91079 0.935665 0.113409 0.0603454
413.5 0.914473 0.9344 0.182467 0.0959712
415 0.909423 0.935308 0.0801276 0.0623732
416.5 0.90929 0.934807 0.139132 0.0700812
418 0.913408 0.937277 0.236437 0.0660559
419.5 0.915561 0.939786 0.133813 0.0804003
421 0.912793 0.939417 0.157284 0.0647033
422.5 0.909897 0.93933 0.219896 0.102519
424 0.909808 0.938873 0.068615 0.0552981
425.5 0.906992 0.93755 0.156351 0.0589866
427 0.903076 0.939786 0.199757 0.0781394
428.5 0.903713 0.9402 0.118945 0.0567358
430 0.903308 0.943273 0.123121 0.0531279
431.5 0.903137 0.94099 0.207505 0.0644634
433 0.901325 0.942459 0.0601986 0.113735
434.5 0.90304 0.944738 0.172571 0.0695249
436 0.902887 0.946489 0.156733 0.091238
437.5 0.902872 0.948215 0.102561 0.126661
439 0.902348 0.946767 0.0962522 0.04758
440.5 0.900534 0.945396 0.211303 0.0773811
442 0.899364 0.945653 0.0803078 0.0705171
443.5 0.901659 0.947993 0.171246 0.0740601
445 0.904045 0.949574 0.249362 0.0658049
446.5 0.904601 0.947294 0.12654 0.11415
448 0.904007 0.951877 0.24672 0.0881244
449.5 0.904804 0.951312 0.232108 0.0834358
451 0.901824 0.950249 0.195421 0.0654474
452.5 0.906068 0.951747 0.206321 0.0691969
454 0.905134 0.953319 0.208511 0.0709082
455.5 0.90667 0.950098 0.299349 0.090315
457 0.904538 0.945623 0.185196 0.0806468
458.5 0.908474 0.944868 0.163829 0.0959094
460 0.904731 0.941527 0.175518 0.0957498
461.5 0.902951 0.940676 0.102278 0.0559542
463 0.903991 0.945346 0.144823 0.0788384
464.5 0.899409 0.945426 0.154046 0.0799867
466 0.8974 0.947912 0.247389 0.0769246
467.5 0.89668 0.948081 0.109162 0.0842893
469 0.896883 0.947937 0.226811 0.0941867
470.5 0.893946 0.945768 0.159768 0.0774044
472 0.889877 0.945789 0.0817143 0.0632113
473.5 0.89031 0.945345 0.107242 0.0955483
475 0.89198 0.944695 0.134891 0.0636997
476.5 0.891973 0.948681 0.0874569 0.0673064
478 0.889448 0.947647 0.122899 0.0659229
479.5 0.885015 0.942841 0.0903788 0.0706817
481 0.884213 0.939079 0.0659748 0.0609129
482.5 0.88296 0.936693 0.193315 0.0604005
484 0.883206 0.939412 0.135063 0.0793674
485.5 0.885265 0.942546 0.0449178 0.0687361
487 0.885246 0.940776 0.0656971 0.0713068
488.5 0.890122 0.941232 0.10737 0.0610465
490 0.885703 0.941541 0.0845467 0.0608999
491.5 0.885509 0.944291 0.00443298 0.0700393
493 0.883211 0.945027 -0.0157941 0.057086
494.5 0.881319 0.945944 -0.00233268 0.0452781
496 0.873087 0.94808 0.125885 0.0648422
497.5 0.873277 0.947829 0.0690393 0.0542864
499 0.872943 0.949057 0.111779 0.064662
