1 -0.784283 1.3721 1.41596 0.186247
2.5 0.243868 1.09305 -0.241005 0.0291454
4 0.295833 1.09293 -0.198743 0.0370698
5.5 1.51276 0.808113 3.36848 0.310372
7 0.677319 0.712641 -0.386753 0.0123252
8.5 0.0288387 1.05628 -0.13705 0.0369778
10 0.132802 0.93895 -0.252107 0.0228879
11.5 0.00319225 1.40041 0.318153 0.0913395
13 0.00655664 0.651527 0.268574 0.103602
14.5 0.340157 1.63477 4.24244 1.01084
16 -0.111368 0.712656 0.0312628 0.027142
17.5 0.0974908 -1.165 -0.122019 0.0724291
19 -0.182445 -0.570508 0.316076 0.391511
20.5 -0.766032 -0.738823 -0.341542 0.0228291
22 0.538746 -1.08833 -0.0507048 0.0536043
23.5 1.00725 -0.49792 -0.127805 0.106568
25 0.652504 -0.813128 -0.328203 0.0195641
26.5 0.380483 0.334066 0.707281 3.47489
28 1.26372 0.875319 1.33832 0.107758
29.5 0.659383 0.862705 -0.262718 0.0245407
31 -0.270328 0.971888 0.0660245 0.0374655
32.5 0.892743 0.42315 0.112289 0.0435198
34 0.935908 0.588054 0.0713474 0.439421
35.5 0.561651 0.832374 -0.329978 0.0942406
37 -1.81223 0.767613 8.39354 0.278818
38.5 -0.482898 0.643842 -0.181645 0.214383
40 -1.12285 0.909636 0.978914 0.110667
41.5 -0.0762769 0.682645 0.117409 0.0738308
43 0.789067 0.742464 2.18282 0.18604
44.5 -1.39795 0.739488 1.82606 0.0953966
46 -0.235126 1.01444 -0.280743 0.0203473
47.5 -0.559371 0.84584 -0.260148 0.0520586
49 -0.35319 0.936337 -0.294696 0.0208522
50.5 -0.561715 0.958591 -0.214565 0.0943672
52 -0.272366 0.92476 -0.238639 0.026192
53.5 1.08699 0.628378 -0.0681219 0.0279481
55 0.0659048 1.21593 -0.127751 0.0409881
56.5 0.218463 0.61733 0.160917 0.0328063
58 -0.096432 0.350761 1.61449 0.548914
59.5 1.34586 0.653223 1.13416 0.0710441
61 -0.593665 -0.721056 -0.319406 0.0572478
62.5 -1.16083 0.834262 0.851048 0.0624103
64 -0.305816 -0.309675 0.960653 0.0764278
65.5 -0.522342 -0.608452 -0.19514 0.0165273
67 -0.162346 -1.11005 -0.226052 0.0397168
68.5 0.710828 -0.54468 -0.374114 0.01578
70 -1.03185 -0.672231 -0.171822 0.0609879
71.5 0.404425 1.13889 0.0149259 0.0683944
73 -0.815629 0.59662 -0.433667 0.0339867
74.5 -0.579741 0.919368 -0.242005 0.0462742
76 -0.0906301 0.850934 -0.184291 0.0222189
77.5 0.770783 0.952769 -0.105467 0.0367713
79 -0.741185 0.781696 -0.331948 0.0188851
80.5 0.583948 1.45789 1.35266 0.153959
82 0.617305 0.778869 -0.333689 0.015676
83.5 0.111183 0.987774 -0.272776 0.0305552
85 0.370016 0.525215 0.170754 0.0264812
86.5 -0.83926 0.527652 -0.366947 0.018874
88 0.755306 0.639143 -0.436948 0.0189232
89.5 -0.0437041 0.887787 -0.246493 0.0196875
91 1.77534 0.313516 5.60187 2.31513
92.5 -0.207695 1.26579 -0.0333269 0.050778
94 0.302073 1.02017 -0.261738 0.121313
95.5 0.694766 0.789226 -0.220689 0.0741532
97 -0.825639 0.679304 -0.384144 0.188983
98.5 -0.913282 0.408437 0.263999 6.05876
100 0.0674659 0.911671 -0.243021 0.0320737
101.5 -0.811778 0.623296 -0.43387 0.0247758
103 0.615353 1.2537 0.414574 0.130072
104.5 -0.788426 0.613455 -0.44419 0.055779
106 0.131818 1.40654 0.591769 0.426272
107.5 -1.38762 0.737315 1.87885 0.0881426
109 1.15312 0.8188 0.603069 0.0723331
110.5 1.20734 0.189171 5.82514 0.319482
112 0.657438 0.580579 -0.372463 0.0106408
113.5 0.853536 0.851731 0.21485 0.195907
115 1.08949 0.56454 -0.055509 0.0185456
116.5 0.158895 0.687277 0.0433132 0.197522
118 0.367824 0.710585 -0.134421 0.0850817
119.5 1.42938 0.459652 1.25751 0.0382618
121 -0.127061 0.960939 -0.262838 0.0230125
122.5 -0.40087 0.949755 -0.311621 0.0193714
124 -0.464095 0.383294 0.284633 0.047374
125.5 0.55895 -0.812505 -0.288469 0.0391732
127 0.103168 -1.07189 1.10734 0.242456
128.5 -0.310852 0.757826 -0.138971 0.0232728
130 0.511948 0.561767 -0.161072 0.0214382
131.5 0.716167 0.532959 -0.231344 0.0845868
133 0.385146 1.28424 0.491232 0.129314
134.5 -0.14723 1.02832 -0.255904 0.0597819
136 -0.356178 1.99271 7.80829 1.97752
137.5 0.549599 1.08198 -0.0472119 0.0480212
139 0.0137017 0.758507 -0.0505371 0.0267459
140.5 -0.519296 0.690979 -0.23187 0.0302974
142 0.589396 0.542861 -0.250983 0.0326348
143.5 0.0863334 0.445669 0.90191 0.0646423
145 0.328677 1.0378 -0.230372 0.211448
146.5 -1.01959 0.346269 0.856696 0.0846374
148 -0.279168 0.667154 0.00359882 0.0968527
149.5 -0.809383 1.01797 0.316799 0.135986
151 -0.0446788 0.927592 -0.241462 0.0164904
152.5 -0.622444 0.954367 -0.1957 0.23053
154 0.00558891 0.519427 0.636183 0.0476364
155.5 -0.584947 0.761969 -0.319306 0.0320757
157 -0.934829 0.574811 1.19703 0.117522
158.5 -1.64787 0.565652 3.71974 0.119241
160 -0.348107 0.863463 -0.249217 0.0969427
161.5 -0.494763 0.729425 0.055892 0.0691128
163 -0.345859 1.2462 0.0287099 0.0574579
164.5 -0.040324 1.03323 -0.270096 0.0177225
166 0.462274 1.06641 -0.179742 0.0433219
167.5 0.206013 1.22495 -0.089801 0.106378
169 1.30626 0.521298 0.636679 0.0334708
170.5 1.13261 0.680133 0.198419 0.0475223
172 0.6619 -0.958355 -0.236909 0.0279154
173.5 0.0716346 -1.0073 -0.262194 0.021251
175 -0.370579 -0.8422 -0.0626558 0.0568394
176.5 -0.128222 -1.19397 -0.0833772 0.101911
178 0.487354 -1.1652 0.0806346 0.0552179
179.5 -0.628211 -0.705015 -0.345449 0.0288569
181 -0.0846627 -1.0928 -0.189719 0.133236
182.5 -0.659188 -1.07385 0.633228 0.136389
184 -1.41491 -0.458152 1.23264 0.153431
185.5 0.392158 -0.920371 -0.242056 0.0660875
187 0.183972 0.893475 0.0105587 0.106957
188.5 0.0746045 1.53214 0.911169 0.230722
190 0.705197 0.695871 -0.381097 0.0116941
191.5 -1.09945 0.394536 0.485012 0.172895
193 0.21725 1.24411 0.130499 0.0816859
194.5 -0.48472 1.08691 -0.0918822 0.0521762
196 1.19722 0.266204 3.42577 75.4843
197.5 0.473494 0.956332 0.615528 0.201965
199 -1.12717 0.653262 0.0975464 0.0346103
200.5 -0.625493 1.35358 0.857447 0.123327
202 -0.128851 0.862874 -0.188774 0.020734
203.5 -0.299645 0.571637 0.222886 0.0333567
205 1.01907 0.25255 2.51915 0.142394
206.5 0.468842 0.838407 -0.267605 0.0182768
208 -0.716592 1.00301 -0.0500514 0.0516272
209.5 -0.994251 0.406 0.222226 0.0420823
211 0.218419 0.684307 0.0393847 0.0275698
212.5 -0.886324 0.5736 -0.392723 0.0118036
214 -0.606808 -0.456898 -0.110216 0.0277894
215.5 0.668902 0.936107 -0.183203 0.0744692
217 0.92536 0.397136 0.234193 0.0515331
218.5 -0.165421 -0.931632 -0.231847 0.134311
220 0.603345 -0.350635 0.617695 0.0784656
221.5 -0.908551 -0.398875 0.303214 0.045724
223 0.342282 0.891677 -0.258724 0.0209629
224.5 -1.12071 0.448994 0.182692 0.0282973
226 -0.568847 1.04366 -0.19663 0.0353842
227.5 0.270541 0.761861 -0.156582 0.0244233
229 0.655642 0.20447 11.3473 6.58553
230.5 0.947223 -0.564617 -0.330511 0.209342
232 -0.0538178 -0.519748 0.568921 0.0485928
233.5 -0.80654 -0.935173 -0.0414405 0.0598488
235 0.783749 -1.05178 0.167152 0.471568
236.5 0.485453 -1.01346 -0.210652 0.0309424
238 1.3175 -0.346185 1.47596 0.261084
239.5 0.0132018 -1.15781 -0.136699 0.200373
241 -0.661535 0.640512 -0.381989 0.00979727
242.5 -1.02051 -0.425806 0.92611 0.114085
244 -0.656742 0.532915 -0.330219 0.0217833
245.5 0.251299 0.900827 -0.254801 0.0182019
247 -0.928117 0.638385 -0.36102 0.595397
248.5 0.342416 0.667273 4.40803 0.364173
250 0.53028 1.08962 -0.20508 0.0350266
251.5 0.880838 0.80161 -0.191005 0.0446872
253 1.28544 0.679628 0.88507 0.0733464
254.5 0.627842 -0.550369 -0.242893 0.0551164
256 -0.602192 -0.453546 -0.0733577 0.0678663
257.5 -1.29955 0.749418 7.32874 0.316943
259 -0.777751 0.987417 0.0176616 0.0541481
260.5 -0.888935 -0.616693 -0.404679 0.0355388
262 0.835578 -0.939498 0.0192291 0.170287
263.5 -1.29681 -0.345024 1.225 0.0670376
265 0.841363 -0.86099 0.490126 0.0453621
266.5 -0.408004 -0.665452 -0.14047 0.021794
268 0.605468 -0.754523 -0.333974 0.0135756
269.5 -0.434737 -0.424549 0.456336 0.0429424
271 0.727611 -0.54624 -0.36955 0.0442524
272.5 0.191714 -0.884465 0.188033 0.0554667
274 0.432257 -0.900405 -0.291501 0.0187475
275.5 0.766553 -0.640166 -0.430967 0.011021
277 0.626976 -0.803205 -0.33695 0.015587
278.5 0.839739 -0.691231 -0.427271 0.15086
280 0.528849 -0.888774 -0.261017 0.029625
281.5 0.811905 -0.777808 -0.330421 0.0222723
283 -0.626882 -0.779151 -0.346657 0.024601
284.5 0.0743825 -1.01847 -0.139927 0.171786
286 -0.0703985 -1.09285 -0.2561 0.0953861
287.5 0.897104 -0.687698 -0.367698 0.0178391
289 -0.502698 -1.03477 -0.156418 0.137999
290.5 -0.555827 -1.27055 0.407005 0.114526
292 0.526937 -0.87462 -0.230489 0.0280176
293.5 0.793996 -0.594783 -0.292796 0.0949371
295 0.63572 1.09976 0.0728019 0.366115
296.5 -0.97161 0.315775 10.1795 13.7855
298 0.655377 0.800969 -0.340113 0.0487661
299.5 1.13877 0.966141 3.51914 0.293175
301 0.673754 0.252394 3.19735 0.143751
302.5 0.834025 0.577149 -0.419266 0.0110996
304 0.73474 0.623472 -0.427865 0.0372
305.5 -0.109888 1.05824 -0.27767 0.0462804
307 -0.717473 0.503201 -0.32675 1.43005
308.5 -0.646871 1.44398 1.5823 0.226589
310 -0.729066 0.557433 -0.385639 0.0792442
311.5 0.264278 0.99396 -0.243789 0.0265322
313 -1.69806 0.437165 3.92002 0.324425
314.5 -1.32631 0.601494 0.771305 0.0429041
316 -0.58192 0.864422 -0.142774 0.0892797
317.5 1.27017 0.412017 0.698917 0.137369
319 0.704068 1.38733 1.42691 0.18648
320.5 0.629311 0.789102 -0.336359 0.0920297
322 0.650301 0.419444 5.3458 0.870718
323.5 0.94219 0.860398 0.544799 0.334961
325 -0.0594513 1.02407 -0.293612 0.0771409
326.5 0.0567332 1.01386 -0.193613 0.0413182
328 -0.666177 0.998538 -0.0932692 0.0397904
329.5 0.0525403 1.01892 -0.237532 0.0241514
331 -0.656822 0.556745 0.328947 0.174535
332.5 0.627696 0.884648 -0.275799 0.0647433
334 0.176918 0.874821 -0.159975 0.117282
335.5 0.0686807 0.907932 -0.223804 0.0292952
337 0.491573 0.7691 -0.0518451 0.033636
338.5 2.03902 -0.00558083 -0.22221 11004
340 0.939993 1.09169 0.80212 0.507417
341.5 0.756044 0.498699 -0.298238 0.0558454
343 -1.16637 0.271356 2.15326 0.421951
344.5 -0.549914 0.775577 -0.306323 0.0159747
346 -0.347479 1.57467 1.61596 0.203018
347.5 -0.09399 0.894317 -0.196147 0.0173965
349 0.402378 0.643388 -0.0995359 0.0253007
350.5 0.57783 0.885116 -0.31269 0.0339304
352 -0.28499 1.01994 -0.224272 0.0271407
353.5 0.803009 0.630385 -0.251341 0.0217793
355 0.645314 0.693952 -0.364708 0.0132659
356.5 0.173602 0.856334 0.0854974 0.155094
358 -0.365107 0.744151 -0.131539 0.021967
359.5 0.0653531 0.890511 -0.219415 0.0182916
361 1.09881 0.639986 -0.0517216 0.0271726
362.5 0.869883 -0.548895 -0.364574 0.0164326
364 0.655326 -0.880076 1.20001 0.304084
365.5 -0.684185 -1.06238 0.00812722 0.245735
367 -0.66436 -0.731051 -0.376445 0.0228538
368.5 -0.243724 -1.0822 -0.0622978 0.0253892
370 -0.460434 0.393812 0.227923 0.0410961
371.5 0.296559 0.945403 -0.177216 0.0243671
373 0.467355 0.679799 -0.196597 0.017733
374.5 -0.323107 1.36584 0.526683 0.117999
376 -0.563103 0.499443 -0.139074 0.0188499
377.5 -1.45493 0.259751 3.54096 0.163749
379 0.50551 0.515634 -0.096258 0.062374
380.5 -0.282691 0.897637 -0.205363 0.0222734
382 0.64525 1.27617 1.81624 0.646275
383.5 -0.467626 1.02608 -0.169276 0.0269067
385 0.621022 0.209327 4.34365 0.315689
386.5 0.842524 -0.49857 -0.278888 0.0235479
388 0.449293 -1.42895 1.19991 0.448638
389.5 0.781723 -0.726098 -0.305004 0.0437344
391 0.149796 -0.916444 -0.239432 0.0194601
392.5 -0.393465 -0.791287 -0.185089 0.0654541
394 -0.52611 -1.32275 0.762966 0.173344
395.5 -0.895979 -0.554392 -0.372107 0.0142556
397 0.465423 -0.942372 0.439974 0.180301
398.5 1.98913 0.28758 9.64025 0.225668
400 0.657851 0.787928 -0.309202 0.0236305
401.5 -0.473266 0.845379 0.987976 0.0803719
403 -0.551928 0.935686 -0.158532 0.119424
404.5 -0.228951 1.20758 -0.102657 0.0458409
406 -0.867324 0.443115 0.0103106 0.0375295
407.5 -0.718668 1.14378 0.260772 0.422084
409 0.463195 0.876202 -0.269003 0.0215975
410.5 0.486991 1.05899 0.0403316 0.0941417
412 0.973897 1.12234 1.22875 0.405628
413.5 -0.00424188 0.95732 -0.224969 0.0204413
415 0.0788568 0.308313 2.14597 1.66998
416.5 -0.725814 0.671668 -0.398244 0.0573144
418 -0.446438 0.783623 0.124752 0.0964505
419.5 0.120261 0.961568 -0.232502 0.020995
421 0.605359 0.942073 -0.20329 0.0391401
422.5 0.361712 0.636683 0.0151253 0.0240638
424 -0.0294675 0.982642 -0.287667 0.0211571
425.5 0.831844 0.793879 -0.259213 0.101807
427 -0.299941 0.958456 -0.270659 0.0175014
428.5 0.671143 -0.837963 -0.263073 0.0306833
430 -0.208479 -0.839439 -0.173779 0.0213473
431.5 0.0616131 -0.830771 -0.116857 0.0236186
433 0.650837 -0.619319 -0.373373 0.0549226
434.5 0.848076 -0.522512 -0.31166 0.0177061
436 0.264946 1.01639 -0.262144 0.0311891
437.5 0.352784 0.239584 2.12529 0.21699
439 -1.04028 0.995862 0.749736 0.10912
440.5 -0.206606 1.4414 0.622345 0.127613
442 1.69738 0.521464 4.26093 0.132876
443.5 0.345304 1.25544 0.189333 0.102823
445 0.0124747 0.866724 -0.190617 0.0219888
446.5 -0.152284 1.03619 -0.211944 0.0511425
448 0.10078 1.30554 0.110441 0.0653288
449.5 -0.616636 0.724874 -0.355434 0.0555175
451 0.853419 0.680328 -0.376049 0.132638
452.5 1.14293 1.04089 1.65249 0.143185
454 1.19985 1.10193 2.3647 0.183941
455.5 0.498206 0.851346 -0.23117 0.0278204
457 -1.13182 0.434841 1.77446 4.98995
458.5 -1.05897 0.732288 0.946724 0.328947
460 -0.51807 0.809723 -0.289224 0.0435887
461.5 0.094777 1.02339 -0.242898 0.0261254
463 0.435429 0.792133 -0.239727 0.0170783
464.5 -0.451682 0.668775 -0.178319 0.0203819
466 -1.19688 0.45272 0.284731 0.0848138
467.5 -1.11667 -1.06271 1.57295 0.219958
469 -0.442747 -0.630827 -0.0902608 0.0210195
470.5 0.624476 -0.625069 -0.0790603 0.0936871
472 0.809599 -0.652077 -0.44032 0.00866425
473.5 -0.117188 -0.990394 -0.235486 0.0395616
475 0.214122 -0.886152 -0.174695 0.0241677
476.5 -0.977631 -0.650663 -0.245918 0.0225932
478 -1.28492 -0.390919 0.84078 0.0419658
479.5 -1.40276 -0.924226 3.43345 0.222171
481 -0.665633 -1.54816 2.74035 0.467363
482.5 0.338425 -1.32669 0.34673 0.0853974
484 0.625033 -0.225095 3.87284 0.237366
485.5 0.532204 0.913437 -0.287542 0.2562
487 -0.904607 0.770619 -0.175922 0.0357467
488.5 -1.21565 0.593945 0.38013 0.0335019
490 0.14495 0.859822 0.110963 0.0496184
491.5 -0.119362 0.495029 0.664188 0.0496223
493 -0.525029 0.780296 -0.264144 0.0167876
494.5 -0.65671 0.486418 -0.217186 0.0242104
496 -1.29862 -0.560113 0.644955 0.0360839
497.5 -0.119419 -1.04994 -0.214845 0.0400437
499 -0.0769225 -0.454526 -0.314845 0.946749
