-0.420405   0.286098   -0.0975499
0.038146   0.310201   -0.0697813
0.272986   -0.143613   -0.307884
-0.393595   0.0239526   -0.388081
-0.378584   0.411506   -0.174714
0.273732   0.131852   0.409172
0.494947   0.285946   -0.227706
-0.0284961   -0.20374   0.00105167
-0.0247907   0.361437   0.297024
-0.195434   0.172911   -0.0618147
-0.432822   0.0437956   -0.228827
0.470962   0.0321757   0.0218858
0.150878   0.250501   -0.162399
-0.0831724   0.290747   -0.172164
0.235223   -0.0598247   0.412726
-0.37501   0.209162   -0.110524
0.0750477   0.0808042   0.153599
0.184246   0.174701   0.294292
-0.199409   -0.371981   -0.0198532
-0.30501   0.390524   0.283547
0.00535096   0.317816   -0.241868
0.129352   0.265677   0.197264
0.0264052   0.425129   -0.0741938
-0.434224   -0.402383   0.0142217
0.125889   0.484418   -0.299251
0.333983   0.134373   -0.196361
-0.330811   -0.488998   -0.49109
0.0242503   0.0343504   0.0920242
0.414608   0.40841   0.359147
-0.485384   0.135306   -0.211653
0.177339   0.273101   -0.0200958
-0.0064574   0.0454733   -0.0238125
0.382877   -0.0229982   0.399128
0.0568932   0.297997   0.111159
0.203843   -0.0730073   -0.395012
0.416872   0.255263   -0.300213
-0.113264   0.450215   -0.176134
0.410631   0.152885   -0.160562
0.0614794   0.483102   -0.42648
0.226238   -0.0809105   0.197502
-0.27088   0.188295   -0.0198327
-0.227831   0.0747211   0.211591
0.215897   0.0395761   0.394105
0.197734   -0.227441   0.397923
0.104372   -0.0485821   0.35094
-0.414984   0.304472   0.375266
0.00971317   0.476055   0.300128
0.195502   -0.108421   0.295508
-0.336452   -0.187398   -0.0376819
-0.0316722   0.267615   0.144634
0.297199   -0.0300214   0.335103
0.315094   -0.320104   0.280892
0.416538   0.490356   0.258011
0.0794105   0.0234842   -0.0198746
0.0549624   0.213523   0.145291
-0.00855798   -0.330979   -0.155467
-0.201027   -0.374343   0.0893612
-0.171319   -0.109881   -0.478718
-0.045207   0.0260907   0.163911
0.316523   -0.194139   -0.192023
-0.287669   0.317932   0.463318
-0.411585   0.305508   -0.215373
0.422975   -0.268395   -0.465707
0.112217   0.354406   -0.445708
-0.157501   0.391942   0.441639
-0.499   0.156267   0.258937
-0.203423   0.262961   0.376264
-0.215934   0.383689   0.0505436
0.195389   0.34804   0.221314
0.439756   0.361305   0.449584
0.460489   0.0416688   0.271664
0.248768   0.243296   0.309191
0.0391737   -0.0411737   0.229379
0.200016   -0.321873   -0.16619
-0.267372   0.0133728   0.26153
0.492507   0.190444   -0.153411
-0.0345776   0.178614   -0.00559713
-0.264133   0.499025   0.420281
0.451027   -0.111029   -0.0729193
0.496754   0.200663   0.063749
0.454971   0.352504   0.0710022
-0.493471   -0.14633   0.31852
0.327039   0.453168   -0.327165
-0.282831   0.092202   -0.32183
-0.246758   -0.497383   -0.481656
-0.414934   0.0322832   -0.077486
-0.0688853   0.28958   0.0505767
0.0335006   -0.471581   -0.360583
-0.180031   0.482593   -0.414808
-0.327993   -0.146896   -0.145252
-0.472855   0.218803   0.395702
-0.21637   -0.100294   -0.170135
-0.231962   -0.0451425   0.229568
-0.0453911   0.479242   -0.413732
0.041261   0.44582   -0.307197
0.458452   0.109579   0.413861
-0.00392656   0.247034   0.0321914
0.482973   -0.371696   0.0529446
-0.15035   0.41028   0.257985
-0.0172949   -0.260167   0.211536
0.122037   0.0180049   -0.262144
0.175003   -0.171281   0.493764
-0.150847   -0.139943   -0.0217895
0.268957   0.315621   0.257061
-0.427671   -0.470336   -0.370805
-0.0281857   0.234468   -0.219911
-0.330093   0.200907   0.0685258
-0.305211   0.124809   0.131164
