0.362775   -0.486685   -0.48667
-0.455479   -0.285663   0.493746
0.385913   -0.29441   -0.324116
-0.467203   -0.459079   -0.338602
-0.278031   -0.459686   0.495229
-0.112516   -0.295043   0.472498
-0.270135   -0.289938   -0.327333
-0.11145   -0.458155   -0.336846
0.0437995   -0.460258   0.488544
0.215988   -0.309096   0.495923
0.0463402   -0.291805   -0.325934
0.220505   -0.458535   -0.318677
0.371346   -0.115197   -0.49594
-0.445402   0.0210371   -0.487308
0.387527   0.0141383   -0.324706
-0.44601   -0.157818   -0.341504
-0.263896   -0.132771   -0.493643
-0.12013   0.063215   -0.496993
-0.258437   0.0313668   -0.331141
-0.105681   -0.128601   -0.335919
0.0481612   -0.129105   0.498945
0.211064   0.0335534   -0.492178
0.0390301   0.0433618   -0.332106
0.199469   -0.138881   -0.332094
0.3865   0.187592   -0.47114
-0.457297   0.362118   -0.48741
0.364127   0.355921   -0.317324
-0.456472   0.210364   -0.32807
-0.296126   0.191486   -0.498593
-0.110353   0.363177   -0.488853
-0.304412   0.378595   -0.338286
-0.126399   0.215255   -0.319294
0.0479742   0.198881   0.498464
0.223066   0.338308   -0.486339
0.0480637   0.364343   -0.325303
0.195884   0.188739   -0.33005
0.378964   -0.471454   -0.167855
-0.46783   -0.310399   -0.159131
0.406207   -0.299065   0.0223983
-0.44543   -0.448838   0.00378233
-0.290307   -0.445542   -0.173437
-0.108344   -0.303674   -0.152376
-0.268991   -0.292735   0.0134347
-0.118892   -0.472274   0.0191893
0.0505453   -0.469511   -0.162143
0.212857   -0.296333   -0.151213
0.0492427   -0.305722   0.0164413
0.221706   -0.468185   -0.000150594
0.374073   -0.136004   -0.161308
-0.445982   0.0265918   -0.172865
0.412357   0.0329671   -0.00971893
-0.437278   -0.144155   0.00800609
-0.274038   -0.142938   -0.152799
-0.128328   0.0478316   -0.157442
-0.298823   0.0276066   0.00561635
-0.115524   -0.136224   0.00853771
0.0272956   -0.112758   -0.154086
0.21382   0.0342032   -0.159224
0.0411982   0.0797005   0.0107488
0.238769   -0.117542   -0.00780329
0.383722   0.200948   -0.165682
-0.45172   0.387691   -0.167961
0.394589   0.371713   -0.00568473
-0.44524   0.184951   -0.00975643
-0.299615   0.206066   -0.170129
-0.144059   0.373158   -0.167424
-0.304121   0.370466   -0.000455046
-0.14489   0.211131   0.00506845
0.0193323   0.21425   -0.165076
0.197646   0.36294   -0.175217
0.0398401   0.36796   0.0259581
0.221119   0.209485   -0.00763443
0.380502   -0.462019   0.156576
-0.425997   -0.291481   0.166814
0.385236   -0.320702   0.339956
-0.451629   -0.48297   0.36082
-0.305907   -0.473076   0.182398
-0.125911   -0.301036   0.170833
-0.294219   -0.275711   0.340047
-0.126594   -0.48521   0.321948
0.0500194   -0.473938   0.183088
0.217539   -0.291366   0.164023
0.0502197   -0.278777   0.312344
0.211347   -0.466788   0.343672
0.376612   -0.1347   0.151146
-0.44676   0.03424   0.174454
0.369352   0.0245108   0.32973
-0.448006   -0.110162   0.326797
-0.271862   -0.137312   0.171665
-0.118564   0.054794   0.177526
-0.285724   0.047618   0.325555
-0.0940679   -0.0998116   0.337506
0.0770675   -0.113591   0.16851
0.230181   0.0468296   0.157602
0.0595518   0.0493298   0.33276
0.21942   -0.131842   0.333038
0.394752   0.203554   0.15632
-0.463231   0.368707   0.195554
0.380796   0.360653   0.364423
-0.463979   0.192102   0.362554
-0.305667   0.202512   0.156805
-0.130651   0.346583   0.180739
-0.288041   0.349774   0.333965
-0.104166   0.210784   0.347002
0.0542312   0.218022   0.179749
0.231185   0.36193   0.175544
0.0585656   0.371315   0.355863
0.231227   0.190425   0.352039
